[      91ms] [ERROR] Failed to register controller: shared--notification (controllers/shared/notification_controller) TypeError: Failed to resolve module specifier "@rails/actioncable". Relative references must start with either "/", "./", or "../". @ http://localhost:3000/assets/stimulus-loading-1fc53fe7.js:25
[    1101ms] SyntaxError: Failed to execute 'addColorStop' on 'CanvasGradient': The value provided ('oklch(68.5% .169 237.323)cc') could not be parsed as a color.
    at jy (https://cdn.jsdelivr.net/npm/echarts@5.6.0/dist/echarts.esm.min.js:45:186557)
    at https://cdn.jsdelivr.net/npm/echarts@5.6.0/dist/echarts.esm.min.js:45:191280
    at dv (https://cdn.jsdelivr.net/npm/echarts@5.6.0/dist/echarts.esm.min.js:45:192109)
    at t._doPaintEl (https://cdn.jsdelivr.net/npm/echarts@5.6.0/dist/echarts.esm.min.js:45:324380)
    at x (https://cdn.jsdelivr.net/npm/echarts@5.6.0/dist/echarts.esm.min.js:45:323723)
    at p (https://cdn.jsdelivr.net/npm/echarts@5.6.0/dist/echarts.esm.min.js:45:324015)
    at t._doPaintList (https://cdn.jsdelivr.net/npm/echarts@5.6.0/dist/echarts.esm.min.js:45:324109)
    at t._paintList (https://cdn.jsdelivr.net/npm/echarts@5.6.0/dist/echarts.esm.min.js:45:322394)
    at t.refresh (https://cdn.jsdelivr.net/npm/echarts@5.6.0/dist/echarts.esm.min.js:45:321541)
    at t.refreshImmediately (https://cdn.jsdelivr.net/npm/echarts@5.6.0/dist/echarts.esm.min.js:45:1736)
[    1101ms] SyntaxError: Failed to execute 'addColorStop' on 'CanvasGradient': The value provided ('oklch(68.5% .169 237.323)cc') could not be parsed as a color.
    at jy (https://cdn.jsdelivr.net/npm/echarts@5.6.0/dist/echarts.esm.min.js:45:186557)
    at https://cdn.jsdelivr.net/npm/echarts@5.6.0/dist/echarts.esm.min.js:45:191280
    at dv (https://cdn.jsdelivr.net/npm/echarts@5.6.0/dist/echarts.esm.min.js:45:192109)
    at t._doPaintEl (https://cdn.jsdelivr.net/npm/echarts@5.6.0/dist/echarts.esm.min.js:45:324380)
    at x (https://cdn.jsdelivr.net/npm/echarts@5.6.0/dist/echarts.esm.min.js:45:323723)
    at p (https://cdn.jsdelivr.net/npm/echarts@5.6.0/dist/echarts.esm.min.js:45:324015)
    at t._doPaintList (https://cdn.jsdelivr.net/npm/echarts@5.6.0/dist/echarts.esm.min.js:45:324109)
    at t._paintList (https://cdn.jsdelivr.net/npm/echarts@5.6.0/dist/echarts.esm.min.js:45:322394)
    at t.refresh (https://cdn.jsdelivr.net/npm/echarts@5.6.0/dist/echarts.esm.min.js:45:321541)
    at t.refreshImmediately (https://cdn.jsdelivr.net/npm/echarts@5.6.0/dist/echarts.esm.min.js:45:1736)
[    1101ms] SyntaxError: Failed to execute 'addColorStop' on 'CanvasGradient': The value provided ('oklch(68.5% .169 237.323)cc') could not be parsed as a color.
    at jy (https://cdn.jsdelivr.net/npm/echarts@5.6.0/dist/echarts.esm.min.js:45:186557)
    at https://cdn.jsdelivr.net/npm/echarts@5.6.0/dist/echarts.esm.min.js:45:191280
    at dv (https://cdn.jsdelivr.net/npm/echarts@5.6.0/dist/echarts.esm.min.js:45:192109)
    at t._doPaintEl (https://cdn.jsdelivr.net/npm/echarts@5.6.0/dist/echarts.esm.min.js:45:324380)
    at x (https://cdn.jsdelivr.net/npm/echarts@5.6.0/dist/echarts.esm.min.js:45:323723)
    at p (https://cdn.jsdelivr.net/npm/echarts@5.6.0/dist/echarts.esm.min.js:45:324015)
    at t._doPaintList (https://cdn.jsdelivr.net/npm/echarts@5.6.0/dist/echarts.esm.min.js:45:324109)
    at t._paintList (https://cdn.jsdelivr.net/npm/echarts@5.6.0/dist/echarts.esm.min.js:45:322394)
    at t.refresh (https://cdn.jsdelivr.net/npm/echarts@5.6.0/dist/echarts.esm.min.js:45:321541)
    at t.refreshImmediately (https://cdn.jsdelivr.net/npm/echarts@5.6.0/dist/echarts.esm.min.js:45:1736)
[    1106ms] SyntaxError: Failed to execute 'addColorStop' on 'CanvasGradient': The value provided ('oklch(68.5% .169 237.323)cc') could not be parsed as a color.
    at jy (https://cdn.jsdelivr.net/npm/echarts@5.6.0/dist/echarts.esm.min.js:45:186557)
    at https://cdn.jsdelivr.net/npm/echarts@5.6.0/dist/echarts.esm.min.js:45:191280
    at dv (https://cdn.jsdelivr.net/npm/echarts@5.6.0/dist/echarts.esm.min.js:45:192109)
    at t._doPaintEl (https://cdn.jsdelivr.net/npm/echarts@5.6.0/dist/echarts.esm.min.js:45:324380)
    at x (https://cdn.jsdelivr.net/npm/echarts@5.6.0/dist/echarts.esm.min.js:45:323723)
    at p (https://cdn.jsdelivr.net/npm/echarts@5.6.0/dist/echarts.esm.min.js:45:324015)
    at t._doPaintList (https://cdn.jsdelivr.net/npm/echarts@5.6.0/dist/echarts.esm.min.js:45:324109)
    at t._paintList (https://cdn.jsdelivr.net/npm/echarts@5.6.0/dist/echarts.esm.min.js:45:322394)
    at t.refresh (https://cdn.jsdelivr.net/npm/echarts@5.6.0/dist/echarts.esm.min.js:45:321541)
    at t.refreshImmediately (https://cdn.jsdelivr.net/npm/echarts@5.6.0/dist/echarts.esm.min.js:45:1736)
[    1115ms] SyntaxError: Failed to execute 'addColorStop' on 'CanvasGradient': The value provided ('oklch(68.5% .169 237.323)cc') could not be parsed as a color.
    at jy (https://cdn.jsdelivr.net/npm/echarts@5.6.0/dist/echarts.esm.min.js:45:186557)
    at https://cdn.jsdelivr.net/npm/echarts@5.6.0/dist/echarts.esm.min.js:45:191280
    at dv (https://cdn.jsdelivr.net/npm/echarts@5.6.0/dist/echarts.esm.min.js:45:192109)
    at t._doPaintEl (https://cdn.jsdelivr.net/npm/echarts@5.6.0/dist/echarts.esm.min.js:45:324380)
    at x (https://cdn.jsdelivr.net/npm/echarts@5.6.0/dist/echarts.esm.min.js:45:323723)
    at p (https://cdn.jsdelivr.net/npm/echarts@5.6.0/dist/echarts.esm.min.js:45:324015)
    at t._doPaintList (https://cdn.jsdelivr.net/npm/echarts@5.6.0/dist/echarts.esm.min.js:45:324109)
    at t._paintList (https://cdn.jsdelivr.net/npm/echarts@5.6.0/dist/echarts.esm.min.js:45:322394)
    at t.refresh (https://cdn.jsdelivr.net/npm/echarts@5.6.0/dist/echarts.esm.min.js:45:321541)
    at t.refreshImmediately (https://cdn.jsdelivr.net/npm/echarts@5.6.0/dist/echarts.esm.min.js:45:1736)
[    1426ms] SyntaxError: Failed to execute 'addColorStop' on 'CanvasGradient': The value provided ('oklch(68.5% .169 237.323)cc') could not be parsed as a color.
    at jy (https://cdn.jsdelivr.net/npm/echarts@5.6.0/dist/echarts.esm.min.js:45:186557)
    at https://cdn.jsdelivr.net/npm/echarts@5.6.0/dist/echarts.esm.min.js:45:191280
    at dv (https://cdn.jsdelivr.net/npm/echarts@5.6.0/dist/echarts.esm.min.js:45:192109)
    at t._doPaintEl (https://cdn.jsdelivr.net/npm/echarts@5.6.0/dist/echarts.esm.min.js:45:324380)
    at x (https://cdn.jsdelivr.net/npm/echarts@5.6.0/dist/echarts.esm.min.js:45:323723)
    at p (https://cdn.jsdelivr.net/npm/echarts@5.6.0/dist/echarts.esm.min.js:45:324015)
    at t._doPaintList (https://cdn.jsdelivr.net/npm/echarts@5.6.0/dist/echarts.esm.min.js:45:324109)
    at t._paintList (https://cdn.jsdelivr.net/npm/echarts@5.6.0/dist/echarts.esm.min.js:45:322394)
    at t.refresh (https://cdn.jsdelivr.net/npm/echarts@5.6.0/dist/echarts.esm.min.js:45:321541)
    at t.refreshImmediately (https://cdn.jsdelivr.net/npm/echarts@5.6.0/dist/echarts.esm.min.js:45:1736)
[    1650ms] SyntaxError: Failed to execute 'addColorStop' on 'CanvasGradient': The value provided ('oklch(68.5% .169 237.323)cc') could not be parsed as a color.
    at jy (https://cdn.jsdelivr.net/npm/echarts@5.6.0/dist/echarts.esm.min.js:45:186557)
    at https://cdn.jsdelivr.net/npm/echarts@5.6.0/dist/echarts.esm.min.js:45:191280
    at dv (https://cdn.jsdelivr.net/npm/echarts@5.6.0/dist/echarts.esm.min.js:45:192109)
    at t._doPaintEl (https://cdn.jsdelivr.net/npm/echarts@5.6.0/dist/echarts.esm.min.js:45:324380)
    at x (https://cdn.jsdelivr.net/npm/echarts@5.6.0/dist/echarts.esm.min.js:45:323723)
    at p (https://cdn.jsdelivr.net/npm/echarts@5.6.0/dist/echarts.esm.min.js:45:324015)
    at t._doPaintList (https://cdn.jsdelivr.net/npm/echarts@5.6.0/dist/echarts.esm.min.js:45:324109)
    at t._paintList (https://cdn.jsdelivr.net/npm/echarts@5.6.0/dist/echarts.esm.min.js:45:322394)
    at t.refresh (https://cdn.jsdelivr.net/npm/echarts@5.6.0/dist/echarts.esm.min.js:45:321541)
    at t.refreshImmediately (https://cdn.jsdelivr.net/npm/echarts@5.6.0/dist/echarts.esm.min.js:45:1736)
[    1656ms] SyntaxError: Failed to execute 'addColorStop' on 'CanvasGradient': The value provided ('oklch(68.5% .169 237.323)cc') could not be parsed as a color.
    at jy (https://cdn.jsdelivr.net/npm/echarts@5.6.0/dist/echarts.esm.min.js:45:186557)
    at https://cdn.jsdelivr.net/npm/echarts@5.6.0/dist/echarts.esm.min.js:45:191280
    at dv (https://cdn.jsdelivr.net/npm/echarts@5.6.0/dist/echarts.esm.min.js:45:192109)
    at t._doPaintEl (https://cdn.jsdelivr.net/npm/echarts@5.6.0/dist/echarts.esm.min.js:45:324380)
    at x (https://cdn.jsdelivr.net/npm/echarts@5.6.0/dist/echarts.esm.min.js:45:323723)
    at p (https://cdn.jsdelivr.net/npm/echarts@5.6.0/dist/echarts.esm.min.js:45:324015)
    at t._doPaintList (https://cdn.jsdelivr.net/npm/echarts@5.6.0/dist/echarts.esm.min.js:45:324109)
    at t._paintList (https://cdn.jsdelivr.net/npm/echarts@5.6.0/dist/echarts.esm.min.js:45:322394)
    at t.refresh (https://cdn.jsdelivr.net/npm/echarts@5.6.0/dist/echarts.esm.min.js:45:321541)
    at t.refreshImmediately (https://cdn.jsdelivr.net/npm/echarts@5.6.0/dist/echarts.esm.min.js:45:1736)
[    1664ms] SyntaxError: Failed to execute 'addColorStop' on 'CanvasGradient': The value provided ('oklch(68.5% .169 237.323)cc') could not be parsed as a color.
    at jy (https://cdn.jsdelivr.net/npm/echarts@5.6.0/dist/echarts.esm.min.js:45:186557)
    at https://cdn.jsdelivr.net/npm/echarts@5.6.0/dist/echarts.esm.min.js:45:191280
    at dv (https://cdn.jsdelivr.net/npm/echarts@5.6.0/dist/echarts.esm.min.js:45:192109)
    at t._doPaintEl (https://cdn.jsdelivr.net/npm/echarts@5.6.0/dist/echarts.esm.min.js:45:324380)
    at x (https://cdn.jsdelivr.net/npm/echarts@5.6.0/dist/echarts.esm.min.js:45:323723)
    at p (https://cdn.jsdelivr.net/npm/echarts@5.6.0/dist/echarts.esm.min.js:45:324015)
    at t._doPaintList (https://cdn.jsdelivr.net/npm/echarts@5.6.0/dist/echarts.esm.min.js:45:324109)
    at t._paintList (https://cdn.jsdelivr.net/npm/echarts@5.6.0/dist/echarts.esm.min.js:45:322394)
    at t.refresh (https://cdn.jsdelivr.net/npm/echarts@5.6.0/dist/echarts.esm.min.js:45:321541)
    at t.refreshImmediately (https://cdn.jsdelivr.net/npm/echarts@5.6.0/dist/echarts.esm.min.js:45:1736)
[    1672ms] SyntaxError: Failed to execute 'addColorStop' on 'CanvasGradient': The value provided ('oklch(68.5% .169 237.323)cc') could not be parsed as a color.
    at jy (https://cdn.jsdelivr.net/npm/echarts@5.6.0/dist/echarts.esm.min.js:45:186557)
    at https://cdn.jsdelivr.net/npm/echarts@5.6.0/dist/echarts.esm.min.js:45:191280
    at dv (https://cdn.jsdelivr.net/npm/echarts@5.6.0/dist/echarts.esm.min.js:45:192109)
    at t._doPaintEl (https://cdn.jsdelivr.net/npm/echarts@5.6.0/dist/echarts.esm.min.js:45:324380)
    at x (https://cdn.jsdelivr.net/npm/echarts@5.6.0/dist/echarts.esm.min.js:45:323723)
    at p (https://cdn.jsdelivr.net/npm/echarts@5.6.0/dist/echarts.esm.min.js:45:324015)
    at t._doPaintList (https://cdn.jsdelivr.net/npm/echarts@5.6.0/dist/echarts.esm.min.js:45:324109)
    at t._paintList (https://cdn.jsdelivr.net/npm/echarts@5.6.0/dist/echarts.esm.min.js:45:322394)
    at t.refresh (https://cdn.jsdelivr.net/npm/echarts@5.6.0/dist/echarts.esm.min.js:45:321541)
    at t.refreshImmediately (https://cdn.jsdelivr.net/npm/echarts@5.6.0/dist/echarts.esm.min.js:45:1736)
[    1680ms] SyntaxError: Failed to execute 'addColorStop' on 'CanvasGradient': The value provided ('oklch(68.5% .169 237.323)cc') could not be parsed as a color.
    at jy (https://cdn.jsdelivr.net/npm/echarts@5.6.0/dist/echarts.esm.min.js:45:186557)
    at https://cdn.jsdelivr.net/npm/echarts@5.6.0/dist/echarts.esm.min.js:45:191280
    at dv (https://cdn.jsdelivr.net/npm/echarts@5.6.0/dist/echarts.esm.min.js:45:192109)
    at t._doPaintEl (https://cdn.jsdelivr.net/npm/echarts@5.6.0/dist/echarts.esm.min.js:45:324380)
    at x (https://cdn.jsdelivr.net/npm/echarts@5.6.0/dist/echarts.esm.min.js:45:323723)
    at p (https://cdn.jsdelivr.net/npm/echarts@5.6.0/dist/echarts.esm.min.js:45:324015)
    at t._doPaintList (https://cdn.jsdelivr.net/npm/echarts@5.6.0/dist/echarts.esm.min.js:45:324109)
    at t._paintList (https://cdn.jsdelivr.net/npm/echarts@5.6.0/dist/echarts.esm.min.js:45:322394)
    at t.refresh (https://cdn.jsdelivr.net/npm/echarts@5.6.0/dist/echarts.esm.min.js:45:321541)
    at t.refreshImmediately (https://cdn.jsdelivr.net/npm/echarts@5.6.0/dist/echarts.esm.min.js:45:1736)
[    1688ms] SyntaxError: Failed to execute 'addColorStop' on 'CanvasGradient': The value provided ('oklch(68.5% .169 237.323)cc') could not be parsed as a color.
    at jy (https://cdn.jsdelivr.net/npm/echarts@5.6.0/dist/echarts.esm.min.js:45:186557)
    at https://cdn.jsdelivr.net/npm/echarts@5.6.0/dist/echarts.esm.min.js:45:191280
    at dv (https://cdn.jsdelivr.net/npm/echarts@5.6.0/dist/echarts.esm.min.js:45:192109)
    at t._doPaintEl (https://cdn.jsdelivr.net/npm/echarts@5.6.0/dist/echarts.esm.min.js:45:324380)
    at x (https://cdn.jsdelivr.net/npm/echarts@5.6.0/dist/echarts.esm.min.js:45:323723)
    at p (https://cdn.jsdelivr.net/npm/echarts@5.6.0/dist/echarts.esm.min.js:45:324015)
    at t._doPaintList (https://cdn.jsdelivr.net/npm/echarts@5.6.0/dist/echarts.esm.min.js:45:324109)
    at t._paintList (https://cdn.jsdelivr.net/npm/echarts@5.6.0/dist/echarts.esm.min.js:45:322394)
    at t.refresh (https://cdn.jsdelivr.net/npm/echarts@5.6.0/dist/echarts.esm.min.js:45:321541)
    at t.refreshImmediately (https://cdn.jsdelivr.net/npm/echarts@5.6.0/dist/echarts.esm.min.js:45:1736)
[    1698ms] SyntaxError: Failed to execute 'addColorStop' on 'CanvasGradient': The value provided ('oklch(68.5% .169 237.323)cc') could not be parsed as a color.
    at jy (https://cdn.jsdelivr.net/npm/echarts@5.6.0/dist/echarts.esm.min.js:45:186557)
    at https://cdn.jsdelivr.net/npm/echarts@5.6.0/dist/echarts.esm.min.js:45:191280
    at dv (https://cdn.jsdelivr.net/npm/echarts@5.6.0/dist/echarts.esm.min.js:45:192109)
    at t._doPaintEl (https://cdn.jsdelivr.net/npm/echarts@5.6.0/dist/echarts.esm.min.js:45:324380)
    at x (https://cdn.jsdelivr.net/npm/echarts@5.6.0/dist/echarts.esm.min.js:45:323723)
    at p (https://cdn.jsdelivr.net/npm/echarts@5.6.0/dist/echarts.esm.min.js:45:324015)
    at t._doPaintList (https://cdn.jsdelivr.net/npm/echarts@5.6.0/dist/echarts.esm.min.js:45:324109)
    at t._paintList (https://cdn.jsdelivr.net/npm/echarts@5.6.0/dist/echarts.esm.min.js:45:322394)
    at t.refresh (https://cdn.jsdelivr.net/npm/echarts@5.6.0/dist/echarts.esm.min.js:45:321541)
    at t.refreshImmediately (https://cdn.jsdelivr.net/npm/echarts@5.6.0/dist/echarts.esm.min.js:45:1736)
[    1706ms] SyntaxError: Failed to execute 'addColorStop' on 'CanvasGradient': The value provided ('oklch(68.5% .169 237.323)cc') could not be parsed as a color.
    at jy (https://cdn.jsdelivr.net/npm/echarts@5.6.0/dist/echarts.esm.min.js:45:186557)
    at https://cdn.jsdelivr.net/npm/echarts@5.6.0/dist/echarts.esm.min.js:45:191280
    at dv (https://cdn.jsdelivr.net/npm/echarts@5.6.0/dist/echarts.esm.min.js:45:192109)
    at t._doPaintEl (https://cdn.jsdelivr.net/npm/echarts@5.6.0/dist/echarts.esm.min.js:45:324380)
    at x (https://cdn.jsdelivr.net/npm/echarts@5.6.0/dist/echarts.esm.min.js:45:323723)
    at p (https://cdn.jsdelivr.net/npm/echarts@5.6.0/dist/echarts.esm.min.js:45:324015)
    at t._doPaintList (https://cdn.jsdelivr.net/npm/echarts@5.6.0/dist/echarts.esm.min.js:45:324109)
    at t._paintList (https://cdn.jsdelivr.net/npm/echarts@5.6.0/dist/echarts.esm.min.js:45:322394)
    at t.refresh (https://cdn.jsdelivr.net/npm/echarts@5.6.0/dist/echarts.esm.min.js:45:321541)
    at t.refreshImmediately (https://cdn.jsdelivr.net/npm/echarts@5.6.0/dist/echarts.esm.min.js:45:1736)
[    1714ms] SyntaxError: Failed to execute 'addColorStop' on 'CanvasGradient': The value provided ('oklch(68.5% .169 237.323)cc') could not be parsed as a color.
    at jy (https://cdn.jsdelivr.net/npm/echarts@5.6.0/dist/echarts.esm.min.js:45:186557)
    at https://cdn.jsdelivr.net/npm/echarts@5.6.0/dist/echarts.esm.min.js:45:191280
    at dv (https://cdn.jsdelivr.net/npm/echarts@5.6.0/dist/echarts.esm.min.js:45:192109)
    at t._doPaintEl (https://cdn.jsdelivr.net/npm/echarts@5.6.0/dist/echarts.esm.min.js:45:324380)
    at x (https://cdn.jsdelivr.net/npm/echarts@5.6.0/dist/echarts.esm.min.js:45:323723)
    at p (https://cdn.jsdelivr.net/npm/echarts@5.6.0/dist/echarts.esm.min.js:45:324015)
    at t._doPaintList (https://cdn.jsdelivr.net/npm/echarts@5.6.0/dist/echarts.esm.min.js:45:324109)
    at t._paintList (https://cdn.jsdelivr.net/npm/echarts@5.6.0/dist/echarts.esm.min.js:45:322394)
    at t.refresh (https://cdn.jsdelivr.net/npm/echarts@5.6.0/dist/echarts.esm.min.js:45:321541)
    at t.refreshImmediately (https://cdn.jsdelivr.net/npm/echarts@5.6.0/dist/echarts.esm.min.js:45:1736)
[    1723ms] SyntaxError: Failed to execute 'addColorStop' on 'CanvasGradient': The value provided ('oklch(68.5% .169 237.323)cc') could not be parsed as a color.
    at jy (https://cdn.jsdelivr.net/npm/echarts@5.6.0/dist/echarts.esm.min.js:45:186557)
    at https://cdn.jsdelivr.net/npm/echarts@5.6.0/dist/echarts.esm.min.js:45:191280
    at dv (https://cdn.jsdelivr.net/npm/echarts@5.6.0/dist/echarts.esm.min.js:45:192109)
    at t._doPaintEl (https://cdn.jsdelivr.net/npm/echarts@5.6.0/dist/echarts.esm.min.js:45:324380)
    at x (https://cdn.jsdelivr.net/npm/echarts@5.6.0/dist/echarts.esm.min.js:45:323723)
    at p (https://cdn.jsdelivr.net/npm/echarts@5.6.0/dist/echarts.esm.min.js:45:324015)
    at t._doPaintList (https://cdn.jsdelivr.net/npm/echarts@5.6.0/dist/echarts.esm.min.js:45:324109)
    at t._paintList (https://cdn.jsdelivr.net/npm/echarts@5.6.0/dist/echarts.esm.min.js:45:322394)
    at t.refresh (https://cdn.jsdelivr.net/npm/echarts@5.6.0/dist/echarts.esm.min.js:45:321541)
    at t.refreshImmediately (https://cdn.jsdelivr.net/npm/echarts@5.6.0/dist/echarts.esm.min.js:45:1736)
[    1731ms] SyntaxError: Failed to execute 'addColorStop' on 'CanvasGradient': The value provided ('oklch(68.5% .169 237.323)cc') could not be parsed as a color.
    at jy (https://cdn.jsdelivr.net/npm/echarts@5.6.0/dist/echarts.esm.min.js:45:186557)
    at https://cdn.jsdelivr.net/npm/echarts@5.6.0/dist/echarts.esm.min.js:45:191280
    at dv (https://cdn.jsdelivr.net/npm/echarts@5.6.0/dist/echarts.esm.min.js:45:192109)
    at t._doPaintEl (https://cdn.jsdelivr.net/npm/echarts@5.6.0/dist/echarts.esm.min.js:45:324380)
    at x (https://cdn.jsdelivr.net/npm/echarts@5.6.0/dist/echarts.esm.min.js:45:323723)
    at p (https://cdn.jsdelivr.net/npm/echarts@5.6.0/dist/echarts.esm.min.js:45:324015)
    at t._doPaintList (https://cdn.jsdelivr.net/npm/echarts@5.6.0/dist/echarts.esm.min.js:45:324109)
    at t._paintList (https://cdn.jsdelivr.net/npm/echarts@5.6.0/dist/echarts.esm.min.js:45:322394)
    at t.refresh (https://cdn.jsdelivr.net/npm/echarts@5.6.0/dist/echarts.esm.min.js:45:321541)
    at t.refreshImmediately (https://cdn.jsdelivr.net/npm/echarts@5.6.0/dist/echarts.esm.min.js:45:1736)
[    1739ms] SyntaxError: Failed to execute 'addColorStop' on 'CanvasGradient': The value provided ('oklch(68.5% .169 237.323)cc') could not be parsed as a color.
    at jy (https://cdn.jsdelivr.net/npm/echarts@5.6.0/dist/echarts.esm.min.js:45:186557)
    at https://cdn.jsdelivr.net/npm/echarts@5.6.0/dist/echarts.esm.min.js:45:191280
    at dv (https://cdn.jsdelivr.net/npm/echarts@5.6.0/dist/echarts.esm.min.js:45:192109)
    at t._doPaintEl (https://cdn.jsdelivr.net/npm/echarts@5.6.0/dist/echarts.esm.min.js:45:324380)
    at x (https://cdn.jsdelivr.net/npm/echarts@5.6.0/dist/echarts.esm.min.js:45:323723)
    at p (https://cdn.jsdelivr.net/npm/echarts@5.6.0/dist/echarts.esm.min.js:45:324015)
    at t._doPaintList (https://cdn.jsdelivr.net/npm/echarts@5.6.0/dist/echarts.esm.min.js:45:324109)
    at t._paintList (https://cdn.jsdelivr.net/npm/echarts@5.6.0/dist/echarts.esm.min.js:45:322394)
    at t.refresh (https://cdn.jsdelivr.net/npm/echarts@5.6.0/dist/echarts.esm.min.js:45:321541)
    at t.refreshImmediately (https://cdn.jsdelivr.net/npm/echarts@5.6.0/dist/echarts.esm.min.js:45:1736)
[    1747ms] SyntaxError: Failed to execute 'addColorStop' on 'CanvasGradient': The value provided ('oklch(68.5% .169 237.323)cc') could not be parsed as a color.
    at jy (https://cdn.jsdelivr.net/npm/echarts@5.6.0/dist/echarts.esm.min.js:45:186557)
    at https://cdn.jsdelivr.net/npm/echarts@5.6.0/dist/echarts.esm.min.js:45:191280
    at dv (https://cdn.jsdelivr.net/npm/echarts@5.6.0/dist/echarts.esm.min.js:45:192109)
    at t._doPaintEl (https://cdn.jsdelivr.net/npm/echarts@5.6.0/dist/echarts.esm.min.js:45:324380)
    at x (https://cdn.jsdelivr.net/npm/echarts@5.6.0/dist/echarts.esm.min.js:45:323723)
    at p (https://cdn.jsdelivr.net/npm/echarts@5.6.0/dist/echarts.esm.min.js:45:324015)
    at t._doPaintList (https://cdn.jsdelivr.net/npm/echarts@5.6.0/dist/echarts.esm.min.js:45:324109)
    at t._paintList (https://cdn.jsdelivr.net/npm/echarts@5.6.0/dist/echarts.esm.min.js:45:322394)
    at t.refresh (https://cdn.jsdelivr.net/npm/echarts@5.6.0/dist/echarts.esm.min.js:45:321541)
    at t.refreshImmediately (https://cdn.jsdelivr.net/npm/echarts@5.6.0/dist/echarts.esm.min.js:45:1736)
[    1756ms] SyntaxError: Failed to execute 'addColorStop' on 'CanvasGradient': The value provided ('oklch(68.5% .169 237.323)cc') could not be parsed as a color.
    at jy (https://cdn.jsdelivr.net/npm/echarts@5.6.0/dist/echarts.esm.min.js:45:186557)
    at https://cdn.jsdelivr.net/npm/echarts@5.6.0/dist/echarts.esm.min.js:45:191280
    at dv (https://cdn.jsdelivr.net/npm/echarts@5.6.0/dist/echarts.esm.min.js:45:192109)
    at t._doPaintEl (https://cdn.jsdelivr.net/npm/echarts@5.6.0/dist/echarts.esm.min.js:45:324380)
    at x (https://cdn.jsdelivr.net/npm/echarts@5.6.0/dist/echarts.esm.min.js:45:323723)
    at p (https://cdn.jsdelivr.net/npm/echarts@5.6.0/dist/echarts.esm.min.js:45:324015)
    at t._doPaintList (https://cdn.jsdelivr.net/npm/echarts@5.6.0/dist/echarts.esm.min.js:45:324109)
    at t._paintList (https://cdn.jsdelivr.net/npm/echarts@5.6.0/dist/echarts.esm.min.js:45:322394)
    at t.refresh (https://cdn.jsdelivr.net/npm/echarts@5.6.0/dist/echarts.esm.min.js:45:321541)
    at t.refreshImmediately (https://cdn.jsdelivr.net/npm/echarts@5.6.0/dist/echarts.esm.min.js:45:1736)
[    1764ms] SyntaxError: Failed to execute 'addColorStop' on 'CanvasGradient': The value provided ('oklch(68.5% .169 237.323)cc') could not be parsed as a color.
    at jy (https://cdn.jsdelivr.net/npm/echarts@5.6.0/dist/echarts.esm.min.js:45:186557)
    at https://cdn.jsdelivr.net/npm/echarts@5.6.0/dist/echarts.esm.min.js:45:191280
    at dv (https://cdn.jsdelivr.net/npm/echarts@5.6.0/dist/echarts.esm.min.js:45:192109)
    at t._doPaintEl (https://cdn.jsdelivr.net/npm/echarts@5.6.0/dist/echarts.esm.min.js:45:324380)
    at x (https://cdn.jsdelivr.net/npm/echarts@5.6.0/dist/echarts.esm.min.js:45:323723)
    at p (https://cdn.jsdelivr.net/npm/echarts@5.6.0/dist/echarts.esm.min.js:45:324015)
    at t._doPaintList (https://cdn.jsdelivr.net/npm/echarts@5.6.0/dist/echarts.esm.min.js:45:324109)
    at t._paintList (https://cdn.jsdelivr.net/npm/echarts@5.6.0/dist/echarts.esm.min.js:45:322394)
    at t.refresh (https://cdn.jsdelivr.net/npm/echarts@5.6.0/dist/echarts.esm.min.js:45:321541)
    at t.refreshImmediately (https://cdn.jsdelivr.net/npm/echarts@5.6.0/dist/echarts.esm.min.js:45:1736)
[    1773ms] SyntaxError: Failed to execute 'addColorStop' on 'CanvasGradient': The value provided ('oklch(68.5% .169 237.323)cc') could not be parsed as a color.
    at jy (https://cdn.jsdelivr.net/npm/echarts@5.6.0/dist/echarts.esm.min.js:45:186557)
    at https://cdn.jsdelivr.net/npm/echarts@5.6.0/dist/echarts.esm.min.js:45:191280
    at dv (https://cdn.jsdelivr.net/npm/echarts@5.6.0/dist/echarts.esm.min.js:45:192109)
    at t._doPaintEl (https://cdn.jsdelivr.net/npm/echarts@5.6.0/dist/echarts.esm.min.js:45:324380)
    at x (https://cdn.jsdelivr.net/npm/echarts@5.6.0/dist/echarts.esm.min.js:45:323723)
    at p (https://cdn.jsdelivr.net/npm/echarts@5.6.0/dist/echarts.esm.min.js:45:324015)
    at t._doPaintList (https://cdn.jsdelivr.net/npm/echarts@5.6.0/dist/echarts.esm.min.js:45:324109)
    at t._paintList (https://cdn.jsdelivr.net/npm/echarts@5.6.0/dist/echarts.esm.min.js:45:322394)
    at t.refresh (https://cdn.jsdelivr.net/npm/echarts@5.6.0/dist/echarts.esm.min.js:45:321541)
    at t.refreshImmediately (https://cdn.jsdelivr.net/npm/echarts@5.6.0/dist/echarts.esm.min.js:45:1736)
[    1781ms] SyntaxError: Failed to execute 'addColorStop' on 'CanvasGradient': The value provided ('oklch(68.5% .169 237.323)cc') could not be parsed as a color.
    at jy (https://cdn.jsdelivr.net/npm/echarts@5.6.0/dist/echarts.esm.min.js:45:186557)
    at https://cdn.jsdelivr.net/npm/echarts@5.6.0/dist/echarts.esm.min.js:45:191280
    at dv (https://cdn.jsdelivr.net/npm/echarts@5.6.0/dist/echarts.esm.min.js:45:192109)
    at t._doPaintEl (https://cdn.jsdelivr.net/npm/echarts@5.6.0/dist/echarts.esm.min.js:45:324380)
    at x (https://cdn.jsdelivr.net/npm/echarts@5.6.0/dist/echarts.esm.min.js:45:323723)
    at p (https://cdn.jsdelivr.net/npm/echarts@5.6.0/dist/echarts.esm.min.js:45:324015)
    at t._doPaintList (https://cdn.jsdelivr.net/npm/echarts@5.6.0/dist/echarts.esm.min.js:45:324109)
    at t._paintList (https://cdn.jsdelivr.net/npm/echarts@5.6.0/dist/echarts.esm.min.js:45:322394)
    at t.refresh (https://cdn.jsdelivr.net/npm/echarts@5.6.0/dist/echarts.esm.min.js:45:321541)
    at t.refreshImmediately (https://cdn.jsdelivr.net/npm/echarts@5.6.0/dist/echarts.esm.min.js:45:1736)
[    1789ms] SyntaxError: Failed to execute 'addColorStop' on 'CanvasGradient': The value provided ('oklch(68.5% .169 237.323)cc') could not be parsed as a color.
    at jy (https://cdn.jsdelivr.net/npm/echarts@5.6.0/dist/echarts.esm.min.js:45:186557)
    at https://cdn.jsdelivr.net/npm/echarts@5.6.0/dist/echarts.esm.min.js:45:191280
    at dv (https://cdn.jsdelivr.net/npm/echarts@5.6.0/dist/echarts.esm.min.js:45:192109)
    at t._doPaintEl (https://cdn.jsdelivr.net/npm/echarts@5.6.0/dist/echarts.esm.min.js:45:324380)
    at x (https://cdn.jsdelivr.net/npm/echarts@5.6.0/dist/echarts.esm.min.js:45:323723)
    at p (https://cdn.jsdelivr.net/npm/echarts@5.6.0/dist/echarts.esm.min.js:45:324015)
    at t._doPaintList (https://cdn.jsdelivr.net/npm/echarts@5.6.0/dist/echarts.esm.min.js:45:324109)
    at t._paintList (https://cdn.jsdelivr.net/npm/echarts@5.6.0/dist/echarts.esm.min.js:45:322394)
    at t.refresh (https://cdn.jsdelivr.net/npm/echarts@5.6.0/dist/echarts.esm.min.js:45:321541)
    at t.refreshImmediately (https://cdn.jsdelivr.net/npm/echarts@5.6.0/dist/echarts.esm.min.js:45:1736)
[    1797ms] SyntaxError: Failed to execute 'addColorStop' on 'CanvasGradient': The value provided ('oklch(68.5% .169 237.323)cc') could not be parsed as a color.
    at jy (https://cdn.jsdelivr.net/npm/echarts@5.6.0/dist/echarts.esm.min.js:45:186557)
    at https://cdn.jsdelivr.net/npm/echarts@5.6.0/dist/echarts.esm.min.js:45:191280
    at dv (https://cdn.jsdelivr.net/npm/echarts@5.6.0/dist/echarts.esm.min.js:45:192109)
    at t._doPaintEl (https://cdn.jsdelivr.net/npm/echarts@5.6.0/dist/echarts.esm.min.js:45:324380)
    at x (https://cdn.jsdelivr.net/npm/echarts@5.6.0/dist/echarts.esm.min.js:45:323723)
    at p (https://cdn.jsdelivr.net/npm/echarts@5.6.0/dist/echarts.esm.min.js:45:324015)
    at t._doPaintList (https://cdn.jsdelivr.net/npm/echarts@5.6.0/dist/echarts.esm.min.js:45:324109)
    at t._paintList (https://cdn.jsdelivr.net/npm/echarts@5.6.0/dist/echarts.esm.min.js:45:322394)
    at t.refresh (https://cdn.jsdelivr.net/npm/echarts@5.6.0/dist/echarts.esm.min.js:45:321541)
    at t.refreshImmediately (https://cdn.jsdelivr.net/npm/echarts@5.6.0/dist/echarts.esm.min.js:45:1736)
[    1805ms] SyntaxError: Failed to execute 'addColorStop' on 'CanvasGradient': The value provided ('oklch(68.5% .169 237.323)cc') could not be parsed as a color.
    at jy (https://cdn.jsdelivr.net/npm/echarts@5.6.0/dist/echarts.esm.min.js:45:186557)
    at https://cdn.jsdelivr.net/npm/echarts@5.6.0/dist/echarts.esm.min.js:45:191280
    at dv (https://cdn.jsdelivr.net/npm/echarts@5.6.0/dist/echarts.esm.min.js:45:192109)
    at t._doPaintEl (https://cdn.jsdelivr.net/npm/echarts@5.6.0/dist/echarts.esm.min.js:45:324380)
    at x (https://cdn.jsdelivr.net/npm/echarts@5.6.0/dist/echarts.esm.min.js:45:323723)
    at p (https://cdn.jsdelivr.net/npm/echarts@5.6.0/dist/echarts.esm.min.js:45:324015)
    at t._doPaintList (https://cdn.jsdelivr.net/npm/echarts@5.6.0/dist/echarts.esm.min.js:45:324109)
    at t._paintList (https://cdn.jsdelivr.net/npm/echarts@5.6.0/dist/echarts.esm.min.js:45:322394)
    at t.refresh (https://cdn.jsdelivr.net/npm/echarts@5.6.0/dist/echarts.esm.min.js:45:321541)
    at t.refreshImmediately (https://cdn.jsdelivr.net/npm/echarts@5.6.0/dist/echarts.esm.min.js:45:1736)
[    1815ms] SyntaxError: Failed to execute 'addColorStop' on 'CanvasGradient': The value provided ('oklch(68.5% .169 237.323)cc') could not be parsed as a color.
    at jy (https://cdn.jsdelivr.net/npm/echarts@5.6.0/dist/echarts.esm.min.js:45:186557)
    at https://cdn.jsdelivr.net/npm/echarts@5.6.0/dist/echarts.esm.min.js:45:191280
    at dv (https://cdn.jsdelivr.net/npm/echarts@5.6.0/dist/echarts.esm.min.js:45:192109)
    at t._doPaintEl (https://cdn.jsdelivr.net/npm/echarts@5.6.0/dist/echarts.esm.min.js:45:324380)
    at x (https://cdn.jsdelivr.net/npm/echarts@5.6.0/dist/echarts.esm.min.js:45:323723)
    at p (https://cdn.jsdelivr.net/npm/echarts@5.6.0/dist/echarts.esm.min.js:45:324015)
    at t._doPaintList (https://cdn.jsdelivr.net/npm/echarts@5.6.0/dist/echarts.esm.min.js:45:324109)
    at t._paintList (https://cdn.jsdelivr.net/npm/echarts@5.6.0/dist/echarts.esm.min.js:45:322394)
    at t.refresh (https://cdn.jsdelivr.net/npm/echarts@5.6.0/dist/echarts.esm.min.js:45:321541)
    at t.refreshImmediately (https://cdn.jsdelivr.net/npm/echarts@5.6.0/dist/echarts.esm.min.js:45:1736)
[    1823ms] SyntaxError: Failed to execute 'addColorStop' on 'CanvasGradient': The value provided ('oklch(68.5% .169 237.323)cc') could not be parsed as a color.
    at jy (https://cdn.jsdelivr.net/npm/echarts@5.6.0/dist/echarts.esm.min.js:45:186557)
    at https://cdn.jsdelivr.net/npm/echarts@5.6.0/dist/echarts.esm.min.js:45:191280
    at dv (https://cdn.jsdelivr.net/npm/echarts@5.6.0/dist/echarts.esm.min.js:45:192109)
    at t._doPaintEl (https://cdn.jsdelivr.net/npm/echarts@5.6.0/dist/echarts.esm.min.js:45:324380)
    at x (https://cdn.jsdelivr.net/npm/echarts@5.6.0/dist/echarts.esm.min.js:45:323723)
    at p (https://cdn.jsdelivr.net/npm/echarts@5.6.0/dist/echarts.esm.min.js:45:324015)
    at t._doPaintList (https://cdn.jsdelivr.net/npm/echarts@5.6.0/dist/echarts.esm.min.js:45:324109)
    at t._paintList (https://cdn.jsdelivr.net/npm/echarts@5.6.0/dist/echarts.esm.min.js:45:322394)
    at t.refresh (https://cdn.jsdelivr.net/npm/echarts@5.6.0/dist/echarts.esm.min.js:45:321541)
    at t.refreshImmediately (https://cdn.jsdelivr.net/npm/echarts@5.6.0/dist/echarts.esm.min.js:45:1736)
[    1831ms] SyntaxError: Failed to execute 'addColorStop' on 'CanvasGradient': The value provided ('oklch(68.5% .169 237.323)cc') could not be parsed as a color.
    at jy (https://cdn.jsdelivr.net/npm/echarts@5.6.0/dist/echarts.esm.min.js:45:186557)
    at https://cdn.jsdelivr.net/npm/echarts@5.6.0/dist/echarts.esm.min.js:45:191280
    at dv (https://cdn.jsdelivr.net/npm/echarts@5.6.0/dist/echarts.esm.min.js:45:192109)
    at t._doPaintEl (https://cdn.jsdelivr.net/npm/echarts@5.6.0/dist/echarts.esm.min.js:45:324380)
    at x (https://cdn.jsdelivr.net/npm/echarts@5.6.0/dist/echarts.esm.min.js:45:323723)
    at p (https://cdn.jsdelivr.net/npm/echarts@5.6.0/dist/echarts.esm.min.js:45:324015)
    at t._doPaintList (https://cdn.jsdelivr.net/npm/echarts@5.6.0/dist/echarts.esm.min.js:45:324109)
    at t._paintList (https://cdn.jsdelivr.net/npm/echarts@5.6.0/dist/echarts.esm.min.js:45:322394)
    at t.refresh (https://cdn.jsdelivr.net/npm/echarts@5.6.0/dist/echarts.esm.min.js:45:321541)
    at t.refreshImmediately (https://cdn.jsdelivr.net/npm/echarts@5.6.0/dist/echarts.esm.min.js:45:1736)
[    1839ms] SyntaxError: Failed to execute 'addColorStop' on 'CanvasGradient': The value provided ('oklch(68.5% .169 237.323)cc') could not be parsed as a color.
    at jy (https://cdn.jsdelivr.net/npm/echarts@5.6.0/dist/echarts.esm.min.js:45:186557)
    at https://cdn.jsdelivr.net/npm/echarts@5.6.0/dist/echarts.esm.min.js:45:191280
    at dv (https://cdn.jsdelivr.net/npm/echarts@5.6.0/dist/echarts.esm.min.js:45:192109)
    at t._doPaintEl (https://cdn.jsdelivr.net/npm/echarts@5.6.0/dist/echarts.esm.min.js:45:324380)
    at x (https://cdn.jsdelivr.net/npm/echarts@5.6.0/dist/echarts.esm.min.js:45:323723)
    at p (https://cdn.jsdelivr.net/npm/echarts@5.6.0/dist/echarts.esm.min.js:45:324015)
    at t._doPaintList (https://cdn.jsdelivr.net/npm/echarts@5.6.0/dist/echarts.esm.min.js:45:324109)
    at t._paintList (https://cdn.jsdelivr.net/npm/echarts@5.6.0/dist/echarts.esm.min.js:45:322394)
    at t.refresh (https://cdn.jsdelivr.net/npm/echarts@5.6.0/dist/echarts.esm.min.js:45:321541)
    at t.refreshImmediately (https://cdn.jsdelivr.net/npm/echarts@5.6.0/dist/echarts.esm.min.js:45:1736)
[    1848ms] SyntaxError: Failed to execute 'addColorStop' on 'CanvasGradient': The value provided ('oklch(68.5% .169 237.323)cc') could not be parsed as a color.
    at jy (https://cdn.jsdelivr.net/npm/echarts@5.6.0/dist/echarts.esm.min.js:45:186557)
    at https://cdn.jsdelivr.net/npm/echarts@5.6.0/dist/echarts.esm.min.js:45:191280
    at dv (https://cdn.jsdelivr.net/npm/echarts@5.6.0/dist/echarts.esm.min.js:45:192109)
    at t._doPaintEl (https://cdn.jsdelivr.net/npm/echarts@5.6.0/dist/echarts.esm.min.js:45:324380)
    at x (https://cdn.jsdelivr.net/npm/echarts@5.6.0/dist/echarts.esm.min.js:45:323723)
    at p (https://cdn.jsdelivr.net/npm/echarts@5.6.0/dist/echarts.esm.min.js:45:324015)
    at t._doPaintList (https://cdn.jsdelivr.net/npm/echarts@5.6.0/dist/echarts.esm.min.js:45:324109)
    at t._paintList (https://cdn.jsdelivr.net/npm/echarts@5.6.0/dist/echarts.esm.min.js:45:322394)
    at t.refresh (https://cdn.jsdelivr.net/npm/echarts@5.6.0/dist/echarts.esm.min.js:45:321541)
    at t.refreshImmediately (https://cdn.jsdelivr.net/npm/echarts@5.6.0/dist/echarts.esm.min.js:45:1736)
[    1856ms] SyntaxError: Failed to execute 'addColorStop' on 'CanvasGradient': The value provided ('oklch(68.5% .169 237.323)cc') could not be parsed as a color.
    at jy (https://cdn.jsdelivr.net/npm/echarts@5.6.0/dist/echarts.esm.min.js:45:186557)
    at https://cdn.jsdelivr.net/npm/echarts@5.6.0/dist/echarts.esm.min.js:45:191280
    at dv (https://cdn.jsdelivr.net/npm/echarts@5.6.0/dist/echarts.esm.min.js:45:192109)
    at t._doPaintEl (https://cdn.jsdelivr.net/npm/echarts@5.6.0/dist/echarts.esm.min.js:45:324380)
    at x (https://cdn.jsdelivr.net/npm/echarts@5.6.0/dist/echarts.esm.min.js:45:323723)
    at p (https://cdn.jsdelivr.net/npm/echarts@5.6.0/dist/echarts.esm.min.js:45:324015)
    at t._doPaintList (https://cdn.jsdelivr.net/npm/echarts@5.6.0/dist/echarts.esm.min.js:45:324109)
    at t._paintList (https://cdn.jsdelivr.net/npm/echarts@5.6.0/dist/echarts.esm.min.js:45:322394)
    at t.refresh (https://cdn.jsdelivr.net/npm/echarts@5.6.0/dist/echarts.esm.min.js:45:321541)
    at t.refreshImmediately (https://cdn.jsdelivr.net/npm/echarts@5.6.0/dist/echarts.esm.min.js:45:1736)
[    1864ms] SyntaxError: Failed to execute 'addColorStop' on 'CanvasGradient': The value provided ('oklch(68.5% .169 237.323)cc') could not be parsed as a color.
    at jy (https://cdn.jsdelivr.net/npm/echarts@5.6.0/dist/echarts.esm.min.js:45:186557)
    at https://cdn.jsdelivr.net/npm/echarts@5.6.0/dist/echarts.esm.min.js:45:191280
    at dv (https://cdn.jsdelivr.net/npm/echarts@5.6.0/dist/echarts.esm.min.js:45:192109)
    at t._doPaintEl (https://cdn.jsdelivr.net/npm/echarts@5.6.0/dist/echarts.esm.min.js:45:324380)
    at x (https://cdn.jsdelivr.net/npm/echarts@5.6.0/dist/echarts.esm.min.js:45:323723)
    at p (https://cdn.jsdelivr.net/npm/echarts@5.6.0/dist/echarts.esm.min.js:45:324015)
    at t._doPaintList (https://cdn.jsdelivr.net/npm/echarts@5.6.0/dist/echarts.esm.min.js:45:324109)
    at t._paintList (https://cdn.jsdelivr.net/npm/echarts@5.6.0/dist/echarts.esm.min.js:45:322394)
    at t.refresh (https://cdn.jsdelivr.net/npm/echarts@5.6.0/dist/echarts.esm.min.js:45:321541)
    at t.refreshImmediately (https://cdn.jsdelivr.net/npm/echarts@5.6.0/dist/echarts.esm.min.js:45:1736)
[    1873ms] SyntaxError: Failed to execute 'addColorStop' on 'CanvasGradient': The value provided ('oklch(68.5% .169 237.323)cc') could not be parsed as a color.
    at jy (https://cdn.jsdelivr.net/npm/echarts@5.6.0/dist/echarts.esm.min.js:45:186557)
    at https://cdn.jsdelivr.net/npm/echarts@5.6.0/dist/echarts.esm.min.js:45:191280
    at dv (https://cdn.jsdelivr.net/npm/echarts@5.6.0/dist/echarts.esm.min.js:45:192109)
    at t._doPaintEl (https://cdn.jsdelivr.net/npm/echarts@5.6.0/dist/echarts.esm.min.js:45:324380)
    at x (https://cdn.jsdelivr.net/npm/echarts@5.6.0/dist/echarts.esm.min.js:45:323723)
    at p (https://cdn.jsdelivr.net/npm/echarts@5.6.0/dist/echarts.esm.min.js:45:324015)
    at t._doPaintList (https://cdn.jsdelivr.net/npm/echarts@5.6.0/dist/echarts.esm.min.js:45:324109)
    at t._paintList (https://cdn.jsdelivr.net/npm/echarts@5.6.0/dist/echarts.esm.min.js:45:322394)
    at t.refresh (https://cdn.jsdelivr.net/npm/echarts@5.6.0/dist/echarts.esm.min.js:45:321541)
    at t.refreshImmediately (https://cdn.jsdelivr.net/npm/echarts@5.6.0/dist/echarts.esm.min.js:45:1736)
[    1881ms] SyntaxError: Failed to execute 'addColorStop' on 'CanvasGradient': The value provided ('oklch(68.5% .169 237.323)cc') could not be parsed as a color.
    at jy (https://cdn.jsdelivr.net/npm/echarts@5.6.0/dist/echarts.esm.min.js:45:186557)
    at https://cdn.jsdelivr.net/npm/echarts@5.6.0/dist/echarts.esm.min.js:45:191280
    at dv (https://cdn.jsdelivr.net/npm/echarts@5.6.0/dist/echarts.esm.min.js:45:192109)
    at t._doPaintEl (https://cdn.jsdelivr.net/npm/echarts@5.6.0/dist/echarts.esm.min.js:45:324380)
    at x (https://cdn.jsdelivr.net/npm/echarts@5.6.0/dist/echarts.esm.min.js:45:323723)
    at p (https://cdn.jsdelivr.net/npm/echarts@5.6.0/dist/echarts.esm.min.js:45:324015)
    at t._doPaintList (https://cdn.jsdelivr.net/npm/echarts@5.6.0/dist/echarts.esm.min.js:45:324109)
    at t._paintList (https://cdn.jsdelivr.net/npm/echarts@5.6.0/dist/echarts.esm.min.js:45:322394)
    at t.refresh (https://cdn.jsdelivr.net/npm/echarts@5.6.0/dist/echarts.esm.min.js:45:321541)
    at t.refreshImmediately (https://cdn.jsdelivr.net/npm/echarts@5.6.0/dist/echarts.esm.min.js:45:1736)
[    1889ms] SyntaxError: Failed to execute 'addColorStop' on 'CanvasGradient': The value provided ('oklch(68.5% .169 237.323)cc') could not be parsed as a color.
    at jy (https://cdn.jsdelivr.net/npm/echarts@5.6.0/dist/echarts.esm.min.js:45:186557)
    at https://cdn.jsdelivr.net/npm/echarts@5.6.0/dist/echarts.esm.min.js:45:191280
    at dv (https://cdn.jsdelivr.net/npm/echarts@5.6.0/dist/echarts.esm.min.js:45:192109)
    at t._doPaintEl (https://cdn.jsdelivr.net/npm/echarts@5.6.0/dist/echarts.esm.min.js:45:324380)
    at x (https://cdn.jsdelivr.net/npm/echarts@5.6.0/dist/echarts.esm.min.js:45:323723)
    at p (https://cdn.jsdelivr.net/npm/echarts@5.6.0/dist/echarts.esm.min.js:45:324015)
    at t._doPaintList (https://cdn.jsdelivr.net/npm/echarts@5.6.0/dist/echarts.esm.min.js:45:324109)
    at t._paintList (https://cdn.jsdelivr.net/npm/echarts@5.6.0/dist/echarts.esm.min.js:45:322394)
    at t.refresh (https://cdn.jsdelivr.net/npm/echarts@5.6.0/dist/echarts.esm.min.js:45:321541)
    at t.refreshImmediately (https://cdn.jsdelivr.net/npm/echarts@5.6.0/dist/echarts.esm.min.js:45:1736)
[    1898ms] SyntaxError: Failed to execute 'addColorStop' on 'CanvasGradient': The value provided ('oklch(68.5% .169 237.323)cc') could not be parsed as a color.
    at jy (https://cdn.jsdelivr.net/npm/echarts@5.6.0/dist/echarts.esm.min.js:45:186557)
    at https://cdn.jsdelivr.net/npm/echarts@5.6.0/dist/echarts.esm.min.js:45:191280
    at dv (https://cdn.jsdelivr.net/npm/echarts@5.6.0/dist/echarts.esm.min.js:45:192109)
    at t._doPaintEl (https://cdn.jsdelivr.net/npm/echarts@5.6.0/dist/echarts.esm.min.js:45:324380)
    at x (https://cdn.jsdelivr.net/npm/echarts@5.6.0/dist/echarts.esm.min.js:45:323723)
    at p (https://cdn.jsdelivr.net/npm/echarts@5.6.0/dist/echarts.esm.min.js:45:324015)
    at t._doPaintList (https://cdn.jsdelivr.net/npm/echarts@5.6.0/dist/echarts.esm.min.js:45:324109)
    at t._paintList (https://cdn.jsdelivr.net/npm/echarts@5.6.0/dist/echarts.esm.min.js:45:322394)
    at t.refresh (https://cdn.jsdelivr.net/npm/echarts@5.6.0/dist/echarts.esm.min.js:45:321541)
    at t.refreshImmediately (https://cdn.jsdelivr.net/npm/echarts@5.6.0/dist/echarts.esm.min.js:45:1736)
[    1907ms] SyntaxError: Failed to execute 'addColorStop' on 'CanvasGradient': The value provided ('oklch(68.5% .169 237.323)cc') could not be parsed as a color.
    at jy (https://cdn.jsdelivr.net/npm/echarts@5.6.0/dist/echarts.esm.min.js:45:186557)
    at https://cdn.jsdelivr.net/npm/echarts@5.6.0/dist/echarts.esm.min.js:45:191280
    at dv (https://cdn.jsdelivr.net/npm/echarts@5.6.0/dist/echarts.esm.min.js:45:192109)
    at t._doPaintEl (https://cdn.jsdelivr.net/npm/echarts@5.6.0/dist/echarts.esm.min.js:45:324380)
    at x (https://cdn.jsdelivr.net/npm/echarts@5.6.0/dist/echarts.esm.min.js:45:323723)
    at p (https://cdn.jsdelivr.net/npm/echarts@5.6.0/dist/echarts.esm.min.js:45:324015)
    at t._doPaintList (https://cdn.jsdelivr.net/npm/echarts@5.6.0/dist/echarts.esm.min.js:45:324109)
    at t._paintList (https://cdn.jsdelivr.net/npm/echarts@5.6.0/dist/echarts.esm.min.js:45:322394)
    at t.refresh (https://cdn.jsdelivr.net/npm/echarts@5.6.0/dist/echarts.esm.min.js:45:321541)
    at t.refreshImmediately (https://cdn.jsdelivr.net/npm/echarts@5.6.0/dist/echarts.esm.min.js:45:1736)
[    1914ms] SyntaxError: Failed to execute 'addColorStop' on 'CanvasGradient': The value provided ('oklch(68.5% .169 237.323)cc') could not be parsed as a color.
    at jy (https://cdn.jsdelivr.net/npm/echarts@5.6.0/dist/echarts.esm.min.js:45:186557)
    at https://cdn.jsdelivr.net/npm/echarts@5.6.0/dist/echarts.esm.min.js:45:191280
    at dv (https://cdn.jsdelivr.net/npm/echarts@5.6.0/dist/echarts.esm.min.js:45:192109)
    at t._doPaintEl (https://cdn.jsdelivr.net/npm/echarts@5.6.0/dist/echarts.esm.min.js:45:324380)
    at x (https://cdn.jsdelivr.net/npm/echarts@5.6.0/dist/echarts.esm.min.js:45:323723)
    at p (https://cdn.jsdelivr.net/npm/echarts@5.6.0/dist/echarts.esm.min.js:45:324015)
    at t._doPaintList (https://cdn.jsdelivr.net/npm/echarts@5.6.0/dist/echarts.esm.min.js:45:324109)
    at t._paintList (https://cdn.jsdelivr.net/npm/echarts@5.6.0/dist/echarts.esm.min.js:45:322394)
    at t.refresh (https://cdn.jsdelivr.net/npm/echarts@5.6.0/dist/echarts.esm.min.js:45:321541)
    at t.refreshImmediately (https://cdn.jsdelivr.net/npm/echarts@5.6.0/dist/echarts.esm.min.js:45:1736)
[    1924ms] SyntaxError: Failed to execute 'addColorStop' on 'CanvasGradient': The value provided ('oklch(68.5% .169 237.323)cc') could not be parsed as a color.
    at jy (https://cdn.jsdelivr.net/npm/echarts@5.6.0/dist/echarts.esm.min.js:45:186557)
    at https://cdn.jsdelivr.net/npm/echarts@5.6.0/dist/echarts.esm.min.js:45:191280
    at dv (https://cdn.jsdelivr.net/npm/echarts@5.6.0/dist/echarts.esm.min.js:45:192109)
    at t._doPaintEl (https://cdn.jsdelivr.net/npm/echarts@5.6.0/dist/echarts.esm.min.js:45:324380)
    at x (https://cdn.jsdelivr.net/npm/echarts@5.6.0/dist/echarts.esm.min.js:45:323723)
    at p (https://cdn.jsdelivr.net/npm/echarts@5.6.0/dist/echarts.esm.min.js:45:324015)
    at t._doPaintList (https://cdn.jsdelivr.net/npm/echarts@5.6.0/dist/echarts.esm.min.js:45:324109)
    at t._paintList (https://cdn.jsdelivr.net/npm/echarts@5.6.0/dist/echarts.esm.min.js:45:322394)
    at t.refresh (https://cdn.jsdelivr.net/npm/echarts@5.6.0/dist/echarts.esm.min.js:45:321541)
    at t.refreshImmediately (https://cdn.jsdelivr.net/npm/echarts@5.6.0/dist/echarts.esm.min.js:45:1736)
[    1931ms] SyntaxError: Failed to execute 'addColorStop' on 'CanvasGradient': The value provided ('oklch(68.5% .169 237.323)cc') could not be parsed as a color.
    at jy (https://cdn.jsdelivr.net/npm/echarts@5.6.0/dist/echarts.esm.min.js:45:186557)
    at https://cdn.jsdelivr.net/npm/echarts@5.6.0/dist/echarts.esm.min.js:45:191280
    at dv (https://cdn.jsdelivr.net/npm/echarts@5.6.0/dist/echarts.esm.min.js:45:192109)
    at t._doPaintEl (https://cdn.jsdelivr.net/npm/echarts@5.6.0/dist/echarts.esm.min.js:45:324380)
    at x (https://cdn.jsdelivr.net/npm/echarts@5.6.0/dist/echarts.esm.min.js:45:323723)
    at p (https://cdn.jsdelivr.net/npm/echarts@5.6.0/dist/echarts.esm.min.js:45:324015)
    at t._doPaintList (https://cdn.jsdelivr.net/npm/echarts@5.6.0/dist/echarts.esm.min.js:45:324109)
    at t._paintList (https://cdn.jsdelivr.net/npm/echarts@5.6.0/dist/echarts.esm.min.js:45:322394)
    at t.refresh (https://cdn.jsdelivr.net/npm/echarts@5.6.0/dist/echarts.esm.min.js:45:321541)
    at t.refreshImmediately (https://cdn.jsdelivr.net/npm/echarts@5.6.0/dist/echarts.esm.min.js:45:1736)
[    1940ms] SyntaxError: Failed to execute 'addColorStop' on 'CanvasGradient': The value provided ('oklch(68.5% .169 237.323)cc') could not be parsed as a color.
    at jy (https://cdn.jsdelivr.net/npm/echarts@5.6.0/dist/echarts.esm.min.js:45:186557)
    at https://cdn.jsdelivr.net/npm/echarts@5.6.0/dist/echarts.esm.min.js:45:191280
    at dv (https://cdn.jsdelivr.net/npm/echarts@5.6.0/dist/echarts.esm.min.js:45:192109)
    at t._doPaintEl (https://cdn.jsdelivr.net/npm/echarts@5.6.0/dist/echarts.esm.min.js:45:324380)
    at x (https://cdn.jsdelivr.net/npm/echarts@5.6.0/dist/echarts.esm.min.js:45:323723)
    at p (https://cdn.jsdelivr.net/npm/echarts@5.6.0/dist/echarts.esm.min.js:45:324015)
    at t._doPaintList (https://cdn.jsdelivr.net/npm/echarts@5.6.0/dist/echarts.esm.min.js:45:324109)
    at t._paintList (https://cdn.jsdelivr.net/npm/echarts@5.6.0/dist/echarts.esm.min.js:45:322394)
    at t.refresh (https://cdn.jsdelivr.net/npm/echarts@5.6.0/dist/echarts.esm.min.js:45:321541)
    at t.refreshImmediately (https://cdn.jsdelivr.net/npm/echarts@5.6.0/dist/echarts.esm.min.js:45:1736)
[    1948ms] SyntaxError: Failed to execute 'addColorStop' on 'CanvasGradient': The value provided ('oklch(68.5% .169 237.323)cc') could not be parsed as a color.
    at jy (https://cdn.jsdelivr.net/npm/echarts@5.6.0/dist/echarts.esm.min.js:45:186557)
    at https://cdn.jsdelivr.net/npm/echarts@5.6.0/dist/echarts.esm.min.js:45:191280
    at dv (https://cdn.jsdelivr.net/npm/echarts@5.6.0/dist/echarts.esm.min.js:45:192109)
    at t._doPaintEl (https://cdn.jsdelivr.net/npm/echarts@5.6.0/dist/echarts.esm.min.js:45:324380)
    at x (https://cdn.jsdelivr.net/npm/echarts@5.6.0/dist/echarts.esm.min.js:45:323723)
    at p (https://cdn.jsdelivr.net/npm/echarts@5.6.0/dist/echarts.esm.min.js:45:324015)
    at t._doPaintList (https://cdn.jsdelivr.net/npm/echarts@5.6.0/dist/echarts.esm.min.js:45:324109)
    at t._paintList (https://cdn.jsdelivr.net/npm/echarts@5.6.0/dist/echarts.esm.min.js:45:322394)
    at t.refresh (https://cdn.jsdelivr.net/npm/echarts@5.6.0/dist/echarts.esm.min.js:45:321541)
    at t.refreshImmediately (https://cdn.jsdelivr.net/npm/echarts@5.6.0/dist/echarts.esm.min.js:45:1736)
[    1957ms] SyntaxError: Failed to execute 'addColorStop' on 'CanvasGradient': The value provided ('oklch(68.5% .169 237.323)cc') could not be parsed as a color.
    at jy (https://cdn.jsdelivr.net/npm/echarts@5.6.0/dist/echarts.esm.min.js:45:186557)
    at https://cdn.jsdelivr.net/npm/echarts@5.6.0/dist/echarts.esm.min.js:45:191280
    at dv (https://cdn.jsdelivr.net/npm/echarts@5.6.0/dist/echarts.esm.min.js:45:192109)
    at t._doPaintEl (https://cdn.jsdelivr.net/npm/echarts@5.6.0/dist/echarts.esm.min.js:45:324380)
    at x (https://cdn.jsdelivr.net/npm/echarts@5.6.0/dist/echarts.esm.min.js:45:323723)
    at p (https://cdn.jsdelivr.net/npm/echarts@5.6.0/dist/echarts.esm.min.js:45:324015)
    at t._doPaintList (https://cdn.jsdelivr.net/npm/echarts@5.6.0/dist/echarts.esm.min.js:45:324109)
    at t._paintList (https://cdn.jsdelivr.net/npm/echarts@5.6.0/dist/echarts.esm.min.js:45:322394)
    at t.refresh (https://cdn.jsdelivr.net/npm/echarts@5.6.0/dist/echarts.esm.min.js:45:321541)
    at t.refreshImmediately (https://cdn.jsdelivr.net/npm/echarts@5.6.0/dist/echarts.esm.min.js:45:1736)
[    1964ms] SyntaxError: Failed to execute 'addColorStop' on 'CanvasGradient': The value provided ('oklch(68.5% .169 237.323)cc') could not be parsed as a color.
    at jy (https://cdn.jsdelivr.net/npm/echarts@5.6.0/dist/echarts.esm.min.js:45:186557)
    at https://cdn.jsdelivr.net/npm/echarts@5.6.0/dist/echarts.esm.min.js:45:191280
    at dv (https://cdn.jsdelivr.net/npm/echarts@5.6.0/dist/echarts.esm.min.js:45:192109)
    at t._doPaintEl (https://cdn.jsdelivr.net/npm/echarts@5.6.0/dist/echarts.esm.min.js:45:324380)
    at x (https://cdn.jsdelivr.net/npm/echarts@5.6.0/dist/echarts.esm.min.js:45:323723)
    at p (https://cdn.jsdelivr.net/npm/echarts@5.6.0/dist/echarts.esm.min.js:45:324015)
    at t._doPaintList (https://cdn.jsdelivr.net/npm/echarts@5.6.0/dist/echarts.esm.min.js:45:324109)
    at t._paintList (https://cdn.jsdelivr.net/npm/echarts@5.6.0/dist/echarts.esm.min.js:45:322394)
    at t.refresh (https://cdn.jsdelivr.net/npm/echarts@5.6.0/dist/echarts.esm.min.js:45:321541)
    at t.refreshImmediately (https://cdn.jsdelivr.net/npm/echarts@5.6.0/dist/echarts.esm.min.js:45:1736)
[    1974ms] SyntaxError: Failed to execute 'addColorStop' on 'CanvasGradient': The value provided ('oklch(68.5% .169 237.323)cc') could not be parsed as a color.
    at jy (https://cdn.jsdelivr.net/npm/echarts@5.6.0/dist/echarts.esm.min.js:45:186557)
    at https://cdn.jsdelivr.net/npm/echarts@5.6.0/dist/echarts.esm.min.js:45:191280
    at dv (https://cdn.jsdelivr.net/npm/echarts@5.6.0/dist/echarts.esm.min.js:45:192109)
    at t._doPaintEl (https://cdn.jsdelivr.net/npm/echarts@5.6.0/dist/echarts.esm.min.js:45:324380)
    at x (https://cdn.jsdelivr.net/npm/echarts@5.6.0/dist/echarts.esm.min.js:45:323723)
    at p (https://cdn.jsdelivr.net/npm/echarts@5.6.0/dist/echarts.esm.min.js:45:324015)
    at t._doPaintList (https://cdn.jsdelivr.net/npm/echarts@5.6.0/dist/echarts.esm.min.js:45:324109)
    at t._paintList (https://cdn.jsdelivr.net/npm/echarts@5.6.0/dist/echarts.esm.min.js:45:322394)
    at t.refresh (https://cdn.jsdelivr.net/npm/echarts@5.6.0/dist/echarts.esm.min.js:45:321541)
    at t.refreshImmediately (https://cdn.jsdelivr.net/npm/echarts@5.6.0/dist/echarts.esm.min.js:45:1736)
[    1982ms] SyntaxError: Failed to execute 'addColorStop' on 'CanvasGradient': The value provided ('oklch(68.5% .169 237.323)cc') could not be parsed as a color.
    at jy (https://cdn.jsdelivr.net/npm/echarts@5.6.0/dist/echarts.esm.min.js:45:186557)
    at https://cdn.jsdelivr.net/npm/echarts@5.6.0/dist/echarts.esm.min.js:45:191280
    at dv (https://cdn.jsdelivr.net/npm/echarts@5.6.0/dist/echarts.esm.min.js:45:192109)
    at t._doPaintEl (https://cdn.jsdelivr.net/npm/echarts@5.6.0/dist/echarts.esm.min.js:45:324380)
    at x (https://cdn.jsdelivr.net/npm/echarts@5.6.0/dist/echarts.esm.min.js:45:323723)
    at p (https://cdn.jsdelivr.net/npm/echarts@5.6.0/dist/echarts.esm.min.js:45:324015)
    at t._doPaintList (https://cdn.jsdelivr.net/npm/echarts@5.6.0/dist/echarts.esm.min.js:45:324109)
    at t._paintList (https://cdn.jsdelivr.net/npm/echarts@5.6.0/dist/echarts.esm.min.js:45:322394)
    at t.refresh (https://cdn.jsdelivr.net/npm/echarts@5.6.0/dist/echarts.esm.min.js:45:321541)
    at t.refreshImmediately (https://cdn.jsdelivr.net/npm/echarts@5.6.0/dist/echarts.esm.min.js:45:1736)
[    1990ms] SyntaxError: Failed to execute 'addColorStop' on 'CanvasGradient': The value provided ('oklch(68.5% .169 237.323)cc') could not be parsed as a color.
    at jy (https://cdn.jsdelivr.net/npm/echarts@5.6.0/dist/echarts.esm.min.js:45:186557)
    at https://cdn.jsdelivr.net/npm/echarts@5.6.0/dist/echarts.esm.min.js:45:191280
    at dv (https://cdn.jsdelivr.net/npm/echarts@5.6.0/dist/echarts.esm.min.js:45:192109)
    at t._doPaintEl (https://cdn.jsdelivr.net/npm/echarts@5.6.0/dist/echarts.esm.min.js:45:324380)
    at x (https://cdn.jsdelivr.net/npm/echarts@5.6.0/dist/echarts.esm.min.js:45:323723)
    at p (https://cdn.jsdelivr.net/npm/echarts@5.6.0/dist/echarts.esm.min.js:45:324015)
    at t._doPaintList (https://cdn.jsdelivr.net/npm/echarts@5.6.0/dist/echarts.esm.min.js:45:324109)
    at t._paintList (https://cdn.jsdelivr.net/npm/echarts@5.6.0/dist/echarts.esm.min.js:45:322394)
    at t.refresh (https://cdn.jsdelivr.net/npm/echarts@5.6.0/dist/echarts.esm.min.js:45:321541)
    at t.refreshImmediately (https://cdn.jsdelivr.net/npm/echarts@5.6.0/dist/echarts.esm.min.js:45:1736)
[    1998ms] SyntaxError: Failed to execute 'addColorStop' on 'CanvasGradient': The value provided ('oklch(68.5% .169 237.323)cc') could not be parsed as a color.
    at jy (https://cdn.jsdelivr.net/npm/echarts@5.6.0/dist/echarts.esm.min.js:45:186557)
    at https://cdn.jsdelivr.net/npm/echarts@5.6.0/dist/echarts.esm.min.js:45:191280
    at dv (https://cdn.jsdelivr.net/npm/echarts@5.6.0/dist/echarts.esm.min.js:45:192109)
    at t._doPaintEl (https://cdn.jsdelivr.net/npm/echarts@5.6.0/dist/echarts.esm.min.js:45:324380)
    at x (https://cdn.jsdelivr.net/npm/echarts@5.6.0/dist/echarts.esm.min.js:45:323723)
    at p (https://cdn.jsdelivr.net/npm/echarts@5.6.0/dist/echarts.esm.min.js:45:324015)
    at t._doPaintList (https://cdn.jsdelivr.net/npm/echarts@5.6.0/dist/echarts.esm.min.js:45:324109)
    at t._paintList (https://cdn.jsdelivr.net/npm/echarts@5.6.0/dist/echarts.esm.min.js:45:322394)
    at t.refresh (https://cdn.jsdelivr.net/npm/echarts@5.6.0/dist/echarts.esm.min.js:45:321541)
    at t.refreshImmediately (https://cdn.jsdelivr.net/npm/echarts@5.6.0/dist/echarts.esm.min.js:45:1736)
[    2007ms] SyntaxError: Failed to execute 'addColorStop' on 'CanvasGradient': The value provided ('oklch(68.5% .169 237.323)cc') could not be parsed as a color.
    at jy (https://cdn.jsdelivr.net/npm/echarts@5.6.0/dist/echarts.esm.min.js:45:186557)
    at https://cdn.jsdelivr.net/npm/echarts@5.6.0/dist/echarts.esm.min.js:45:191280
    at dv (https://cdn.jsdelivr.net/npm/echarts@5.6.0/dist/echarts.esm.min.js:45:192109)
    at t._doPaintEl (https://cdn.jsdelivr.net/npm/echarts@5.6.0/dist/echarts.esm.min.js:45:324380)
    at x (https://cdn.jsdelivr.net/npm/echarts@5.6.0/dist/echarts.esm.min.js:45:323723)
    at p (https://cdn.jsdelivr.net/npm/echarts@5.6.0/dist/echarts.esm.min.js:45:324015)
    at t._doPaintList (https://cdn.jsdelivr.net/npm/echarts@5.6.0/dist/echarts.esm.min.js:45:324109)
    at t._paintList (https://cdn.jsdelivr.net/npm/echarts@5.6.0/dist/echarts.esm.min.js:45:322394)
    at t.refresh (https://cdn.jsdelivr.net/npm/echarts@5.6.0/dist/echarts.esm.min.js:45:321541)
    at t.refreshImmediately (https://cdn.jsdelivr.net/npm/echarts@5.6.0/dist/echarts.esm.min.js:45:1736)
[    2014ms] SyntaxError: Failed to execute 'addColorStop' on 'CanvasGradient': The value provided ('oklch(68.5% .169 237.323)cc') could not be parsed as a color.
    at jy (https://cdn.jsdelivr.net/npm/echarts@5.6.0/dist/echarts.esm.min.js:45:186557)
    at https://cdn.jsdelivr.net/npm/echarts@5.6.0/dist/echarts.esm.min.js:45:191280
    at dv (https://cdn.jsdelivr.net/npm/echarts@5.6.0/dist/echarts.esm.min.js:45:192109)
    at t._doPaintEl (https://cdn.jsdelivr.net/npm/echarts@5.6.0/dist/echarts.esm.min.js:45:324380)
    at x (https://cdn.jsdelivr.net/npm/echarts@5.6.0/dist/echarts.esm.min.js:45:323723)
    at p (https://cdn.jsdelivr.net/npm/echarts@5.6.0/dist/echarts.esm.min.js:45:324015)
    at t._doPaintList (https://cdn.jsdelivr.net/npm/echarts@5.6.0/dist/echarts.esm.min.js:45:324109)
    at t._paintList (https://cdn.jsdelivr.net/npm/echarts@5.6.0/dist/echarts.esm.min.js:45:322394)
    at t.refresh (https://cdn.jsdelivr.net/npm/echarts@5.6.0/dist/echarts.esm.min.js:45:321541)
    at t.refreshImmediately (https://cdn.jsdelivr.net/npm/echarts@5.6.0/dist/echarts.esm.min.js:45:1736)
[    2023ms] SyntaxError: Failed to execute 'addColorStop' on 'CanvasGradient': The value provided ('oklch(68.5% .169 237.323)cc') could not be parsed as a color.
    at jy (https://cdn.jsdelivr.net/npm/echarts@5.6.0/dist/echarts.esm.min.js:45:186557)
    at https://cdn.jsdelivr.net/npm/echarts@5.6.0/dist/echarts.esm.min.js:45:191280
    at dv (https://cdn.jsdelivr.net/npm/echarts@5.6.0/dist/echarts.esm.min.js:45:192109)
    at t._doPaintEl (https://cdn.jsdelivr.net/npm/echarts@5.6.0/dist/echarts.esm.min.js:45:324380)
    at x (https://cdn.jsdelivr.net/npm/echarts@5.6.0/dist/echarts.esm.min.js:45:323723)
    at p (https://cdn.jsdelivr.net/npm/echarts@5.6.0/dist/echarts.esm.min.js:45:324015)
    at t._doPaintList (https://cdn.jsdelivr.net/npm/echarts@5.6.0/dist/echarts.esm.min.js:45:324109)
    at t._paintList (https://cdn.jsdelivr.net/npm/echarts@5.6.0/dist/echarts.esm.min.js:45:322394)
    at t.refresh (https://cdn.jsdelivr.net/npm/echarts@5.6.0/dist/echarts.esm.min.js:45:321541)
    at t.refreshImmediately (https://cdn.jsdelivr.net/npm/echarts@5.6.0/dist/echarts.esm.min.js:45:1736)
[    2031ms] SyntaxError: Failed to execute 'addColorStop' on 'CanvasGradient': The value provided ('oklch(68.5% .169 237.323)cc') could not be parsed as a color.
    at jy (https://cdn.jsdelivr.net/npm/echarts@5.6.0/dist/echarts.esm.min.js:45:186557)
    at https://cdn.jsdelivr.net/npm/echarts@5.6.0/dist/echarts.esm.min.js:45:191280
    at dv (https://cdn.jsdelivr.net/npm/echarts@5.6.0/dist/echarts.esm.min.js:45:192109)
    at t._doPaintEl (https://cdn.jsdelivr.net/npm/echarts@5.6.0/dist/echarts.esm.min.js:45:324380)
    at x (https://cdn.jsdelivr.net/npm/echarts@5.6.0/dist/echarts.esm.min.js:45:323723)
    at p (https://cdn.jsdelivr.net/npm/echarts@5.6.0/dist/echarts.esm.min.js:45:324015)
    at t._doPaintList (https://cdn.jsdelivr.net/npm/echarts@5.6.0/dist/echarts.esm.min.js:45:324109)
    at t._paintList (https://cdn.jsdelivr.net/npm/echarts@5.6.0/dist/echarts.esm.min.js:45:322394)
    at t.refresh (https://cdn.jsdelivr.net/npm/echarts@5.6.0/dist/echarts.esm.min.js:45:321541)
    at t.refreshImmediately (https://cdn.jsdelivr.net/npm/echarts@5.6.0/dist/echarts.esm.min.js:45:1736)
[    2039ms] SyntaxError: Failed to execute 'addColorStop' on 'CanvasGradient': The value provided ('oklch(68.5% .169 237.323)cc') could not be parsed as a color.
    at jy (https://cdn.jsdelivr.net/npm/echarts@5.6.0/dist/echarts.esm.min.js:45:186557)
    at https://cdn.jsdelivr.net/npm/echarts@5.6.0/dist/echarts.esm.min.js:45:191280
    at dv (https://cdn.jsdelivr.net/npm/echarts@5.6.0/dist/echarts.esm.min.js:45:192109)
    at t._doPaintEl (https://cdn.jsdelivr.net/npm/echarts@5.6.0/dist/echarts.esm.min.js:45:324380)
    at x (https://cdn.jsdelivr.net/npm/echarts@5.6.0/dist/echarts.esm.min.js:45:323723)
    at p (https://cdn.jsdelivr.net/npm/echarts@5.6.0/dist/echarts.esm.min.js:45:324015)
    at t._doPaintList (https://cdn.jsdelivr.net/npm/echarts@5.6.0/dist/echarts.esm.min.js:45:324109)
    at t._paintList (https://cdn.jsdelivr.net/npm/echarts@5.6.0/dist/echarts.esm.min.js:45:322394)
    at t.refresh (https://cdn.jsdelivr.net/npm/echarts@5.6.0/dist/echarts.esm.min.js:45:321541)
    at t.refreshImmediately (https://cdn.jsdelivr.net/npm/echarts@5.6.0/dist/echarts.esm.min.js:45:1736)
[    2048ms] SyntaxError: Failed to execute 'addColorStop' on 'CanvasGradient': The value provided ('oklch(68.5% .169 237.323)cc') could not be parsed as a color.
    at jy (https://cdn.jsdelivr.net/npm/echarts@5.6.0/dist/echarts.esm.min.js:45:186557)
    at https://cdn.jsdelivr.net/npm/echarts@5.6.0/dist/echarts.esm.min.js:45:191280
    at dv (https://cdn.jsdelivr.net/npm/echarts@5.6.0/dist/echarts.esm.min.js:45:192109)
    at t._doPaintEl (https://cdn.jsdelivr.net/npm/echarts@5.6.0/dist/echarts.esm.min.js:45:324380)
    at x (https://cdn.jsdelivr.net/npm/echarts@5.6.0/dist/echarts.esm.min.js:45:323723)
    at p (https://cdn.jsdelivr.net/npm/echarts@5.6.0/dist/echarts.esm.min.js:45:324015)
    at t._doPaintList (https://cdn.jsdelivr.net/npm/echarts@5.6.0/dist/echarts.esm.min.js:45:324109)
    at t._paintList (https://cdn.jsdelivr.net/npm/echarts@5.6.0/dist/echarts.esm.min.js:45:322394)
    at t.refresh (https://cdn.jsdelivr.net/npm/echarts@5.6.0/dist/echarts.esm.min.js:45:321541)
    at t.refreshImmediately (https://cdn.jsdelivr.net/npm/echarts@5.6.0/dist/echarts.esm.min.js:45:1736)
[    2056ms] SyntaxError: Failed to execute 'addColorStop' on 'CanvasGradient': The value provided ('oklch(68.5% .169 237.323)cc') could not be parsed as a color.
    at jy (https://cdn.jsdelivr.net/npm/echarts@5.6.0/dist/echarts.esm.min.js:45:186557)
    at https://cdn.jsdelivr.net/npm/echarts@5.6.0/dist/echarts.esm.min.js:45:191280
    at dv (https://cdn.jsdelivr.net/npm/echarts@5.6.0/dist/echarts.esm.min.js:45:192109)
    at t._doPaintEl (https://cdn.jsdelivr.net/npm/echarts@5.6.0/dist/echarts.esm.min.js:45:324380)
    at x (https://cdn.jsdelivr.net/npm/echarts@5.6.0/dist/echarts.esm.min.js:45:323723)
    at p (https://cdn.jsdelivr.net/npm/echarts@5.6.0/dist/echarts.esm.min.js:45:324015)
    at t._doPaintList (https://cdn.jsdelivr.net/npm/echarts@5.6.0/dist/echarts.esm.min.js:45:324109)
    at t._paintList (https://cdn.jsdelivr.net/npm/echarts@5.6.0/dist/echarts.esm.min.js:45:322394)
    at t.refresh (https://cdn.jsdelivr.net/npm/echarts@5.6.0/dist/echarts.esm.min.js:45:321541)
    at t.refreshImmediately (https://cdn.jsdelivr.net/npm/echarts@5.6.0/dist/echarts.esm.min.js:45:1736)
[    2064ms] SyntaxError: Failed to execute 'addColorStop' on 'CanvasGradient': The value provided ('oklch(68.5% .169 237.323)cc') could not be parsed as a color.
    at jy (https://cdn.jsdelivr.net/npm/echarts@5.6.0/dist/echarts.esm.min.js:45:186557)
    at https://cdn.jsdelivr.net/npm/echarts@5.6.0/dist/echarts.esm.min.js:45:191280
    at dv (https://cdn.jsdelivr.net/npm/echarts@5.6.0/dist/echarts.esm.min.js:45:192109)
    at t._doPaintEl (https://cdn.jsdelivr.net/npm/echarts@5.6.0/dist/echarts.esm.min.js:45:324380)
    at x (https://cdn.jsdelivr.net/npm/echarts@5.6.0/dist/echarts.esm.min.js:45:323723)
    at p (https://cdn.jsdelivr.net/npm/echarts@5.6.0/dist/echarts.esm.min.js:45:324015)
    at t._doPaintList (https://cdn.jsdelivr.net/npm/echarts@5.6.0/dist/echarts.esm.min.js:45:324109)
    at t._paintList (https://cdn.jsdelivr.net/npm/echarts@5.6.0/dist/echarts.esm.min.js:45:322394)
    at t.refresh (https://cdn.jsdelivr.net/npm/echarts@5.6.0/dist/echarts.esm.min.js:45:321541)
    at t.refreshImmediately (https://cdn.jsdelivr.net/npm/echarts@5.6.0/dist/echarts.esm.min.js:45:1736)
[    2073ms] SyntaxError: Failed to execute 'addColorStop' on 'CanvasGradient': The value provided ('oklch(68.5% .169 237.323)cc') could not be parsed as a color.
    at jy (https://cdn.jsdelivr.net/npm/echarts@5.6.0/dist/echarts.esm.min.js:45:186557)
    at https://cdn.jsdelivr.net/npm/echarts@5.6.0/dist/echarts.esm.min.js:45:191280
    at dv (https://cdn.jsdelivr.net/npm/echarts@5.6.0/dist/echarts.esm.min.js:45:192109)
    at t._doPaintEl (https://cdn.jsdelivr.net/npm/echarts@5.6.0/dist/echarts.esm.min.js:45:324380)
    at x (https://cdn.jsdelivr.net/npm/echarts@5.6.0/dist/echarts.esm.min.js:45:323723)
    at p (https://cdn.jsdelivr.net/npm/echarts@5.6.0/dist/echarts.esm.min.js:45:324015)
    at t._doPaintList (https://cdn.jsdelivr.net/npm/echarts@5.6.0/dist/echarts.esm.min.js:45:324109)
    at t._paintList (https://cdn.jsdelivr.net/npm/echarts@5.6.0/dist/echarts.esm.min.js:45:322394)
    at t.refresh (https://cdn.jsdelivr.net/npm/echarts@5.6.0/dist/echarts.esm.min.js:45:321541)
    at t.refreshImmediately (https://cdn.jsdelivr.net/npm/echarts@5.6.0/dist/echarts.esm.min.js:45:1736)
[    2081ms] SyntaxError: Failed to execute 'addColorStop' on 'CanvasGradient': The value provided ('oklch(68.5% .169 237.323)cc') could not be parsed as a color.
    at jy (https://cdn.jsdelivr.net/npm/echarts@5.6.0/dist/echarts.esm.min.js:45:186557)
    at https://cdn.jsdelivr.net/npm/echarts@5.6.0/dist/echarts.esm.min.js:45:191280
    at dv (https://cdn.jsdelivr.net/npm/echarts@5.6.0/dist/echarts.esm.min.js:45:192109)
    at t._doPaintEl (https://cdn.jsdelivr.net/npm/echarts@5.6.0/dist/echarts.esm.min.js:45:324380)
    at x (https://cdn.jsdelivr.net/npm/echarts@5.6.0/dist/echarts.esm.min.js:45:323723)
    at p (https://cdn.jsdelivr.net/npm/echarts@5.6.0/dist/echarts.esm.min.js:45:324015)
    at t._doPaintList (https://cdn.jsdelivr.net/npm/echarts@5.6.0/dist/echarts.esm.min.js:45:324109)
    at t._paintList (https://cdn.jsdelivr.net/npm/echarts@5.6.0/dist/echarts.esm.min.js:45:322394)
    at t.refresh (https://cdn.jsdelivr.net/npm/echarts@5.6.0/dist/echarts.esm.min.js:45:321541)
    at t.refreshImmediately (https://cdn.jsdelivr.net/npm/echarts@5.6.0/dist/echarts.esm.min.js:45:1736)
[    2089ms] SyntaxError: Failed to execute 'addColorStop' on 'CanvasGradient': The value provided ('oklch(68.5% .169 237.323)cc') could not be parsed as a color.
    at jy (https://cdn.jsdelivr.net/npm/echarts@5.6.0/dist/echarts.esm.min.js:45:186557)
    at https://cdn.jsdelivr.net/npm/echarts@5.6.0/dist/echarts.esm.min.js:45:191280
    at dv (https://cdn.jsdelivr.net/npm/echarts@5.6.0/dist/echarts.esm.min.js:45:192109)
    at t._doPaintEl (https://cdn.jsdelivr.net/npm/echarts@5.6.0/dist/echarts.esm.min.js:45:324380)
    at x (https://cdn.jsdelivr.net/npm/echarts@5.6.0/dist/echarts.esm.min.js:45:323723)
    at p (https://cdn.jsdelivr.net/npm/echarts@5.6.0/dist/echarts.esm.min.js:45:324015)
    at t._doPaintList (https://cdn.jsdelivr.net/npm/echarts@5.6.0/dist/echarts.esm.min.js:45:324109)
    at t._paintList (https://cdn.jsdelivr.net/npm/echarts@5.6.0/dist/echarts.esm.min.js:45:322394)
    at t.refresh (https://cdn.jsdelivr.net/npm/echarts@5.6.0/dist/echarts.esm.min.js:45:321541)
    at t.refreshImmediately (https://cdn.jsdelivr.net/npm/echarts@5.6.0/dist/echarts.esm.min.js:45:1736)
[    2098ms] SyntaxError: Failed to execute 'addColorStop' on 'CanvasGradient': The value provided ('oklch(68.5% .169 237.323)cc') could not be parsed as a color.
    at jy (https://cdn.jsdelivr.net/npm/echarts@5.6.0/dist/echarts.esm.min.js:45:186557)
    at https://cdn.jsdelivr.net/npm/echarts@5.6.0/dist/echarts.esm.min.js:45:191280
    at dv (https://cdn.jsdelivr.net/npm/echarts@5.6.0/dist/echarts.esm.min.js:45:192109)
    at t._doPaintEl (https://cdn.jsdelivr.net/npm/echarts@5.6.0/dist/echarts.esm.min.js:45:324380)
    at x (https://cdn.jsdelivr.net/npm/echarts@5.6.0/dist/echarts.esm.min.js:45:323723)
    at p (https://cdn.jsdelivr.net/npm/echarts@5.6.0/dist/echarts.esm.min.js:45:324015)
    at t._doPaintList (https://cdn.jsdelivr.net/npm/echarts@5.6.0/dist/echarts.esm.min.js:45:324109)
    at t._paintList (https://cdn.jsdelivr.net/npm/echarts@5.6.0/dist/echarts.esm.min.js:45:322394)
    at t.refresh (https://cdn.jsdelivr.net/npm/echarts@5.6.0/dist/echarts.esm.min.js:45:321541)
    at t.refreshImmediately (https://cdn.jsdelivr.net/npm/echarts@5.6.0/dist/echarts.esm.min.js:45:1736)
[    2106ms] SyntaxError: Failed to execute 'addColorStop' on 'CanvasGradient': The value provided ('oklch(68.5% .169 237.323)cc') could not be parsed as a color.
    at jy (https://cdn.jsdelivr.net/npm/echarts@5.6.0/dist/echarts.esm.min.js:45:186557)
    at https://cdn.jsdelivr.net/npm/echarts@5.6.0/dist/echarts.esm.min.js:45:191280
    at dv (https://cdn.jsdelivr.net/npm/echarts@5.6.0/dist/echarts.esm.min.js:45:192109)
    at t._doPaintEl (https://cdn.jsdelivr.net/npm/echarts@5.6.0/dist/echarts.esm.min.js:45:324380)
    at x (https://cdn.jsdelivr.net/npm/echarts@5.6.0/dist/echarts.esm.min.js:45:323723)
    at p (https://cdn.jsdelivr.net/npm/echarts@5.6.0/dist/echarts.esm.min.js:45:324015)
    at t._doPaintList (https://cdn.jsdelivr.net/npm/echarts@5.6.0/dist/echarts.esm.min.js:45:324109)
    at t._paintList (https://cdn.jsdelivr.net/npm/echarts@5.6.0/dist/echarts.esm.min.js:45:322394)
    at t.refresh (https://cdn.jsdelivr.net/npm/echarts@5.6.0/dist/echarts.esm.min.js:45:321541)
    at t.refreshImmediately (https://cdn.jsdelivr.net/npm/echarts@5.6.0/dist/echarts.esm.min.js:45:1736)
[    2115ms] SyntaxError: Failed to execute 'addColorStop' on 'CanvasGradient': The value provided ('oklch(68.5% .169 237.323)cc') could not be parsed as a color.
    at jy (https://cdn.jsdelivr.net/npm/echarts@5.6.0/dist/echarts.esm.min.js:45:186557)
    at https://cdn.jsdelivr.net/npm/echarts@5.6.0/dist/echarts.esm.min.js:45:191280
    at dv (https://cdn.jsdelivr.net/npm/echarts@5.6.0/dist/echarts.esm.min.js:45:192109)
    at t._doPaintEl (https://cdn.jsdelivr.net/npm/echarts@5.6.0/dist/echarts.esm.min.js:45:324380)
    at x (https://cdn.jsdelivr.net/npm/echarts@5.6.0/dist/echarts.esm.min.js:45:323723)
    at p (https://cdn.jsdelivr.net/npm/echarts@5.6.0/dist/echarts.esm.min.js:45:324015)
    at t._doPaintList (https://cdn.jsdelivr.net/npm/echarts@5.6.0/dist/echarts.esm.min.js:45:324109)
    at t._paintList (https://cdn.jsdelivr.net/npm/echarts@5.6.0/dist/echarts.esm.min.js:45:322394)
    at t.refresh (https://cdn.jsdelivr.net/npm/echarts@5.6.0/dist/echarts.esm.min.js:45:321541)
    at t.refreshImmediately (https://cdn.jsdelivr.net/npm/echarts@5.6.0/dist/echarts.esm.min.js:45:1736)
[    2123ms] SyntaxError: Failed to execute 'addColorStop' on 'CanvasGradient': The value provided ('oklch(68.5% .169 237.323)cc') could not be parsed as a color.
    at jy (https://cdn.jsdelivr.net/npm/echarts@5.6.0/dist/echarts.esm.min.js:45:186557)
    at https://cdn.jsdelivr.net/npm/echarts@5.6.0/dist/echarts.esm.min.js:45:191280
    at dv (https://cdn.jsdelivr.net/npm/echarts@5.6.0/dist/echarts.esm.min.js:45:192109)
    at t._doPaintEl (https://cdn.jsdelivr.net/npm/echarts@5.6.0/dist/echarts.esm.min.js:45:324380)
    at x (https://cdn.jsdelivr.net/npm/echarts@5.6.0/dist/echarts.esm.min.js:45:323723)
    at p (https://cdn.jsdelivr.net/npm/echarts@5.6.0/dist/echarts.esm.min.js:45:324015)
    at t._doPaintList (https://cdn.jsdelivr.net/npm/echarts@5.6.0/dist/echarts.esm.min.js:45:324109)
    at t._paintList (https://cdn.jsdelivr.net/npm/echarts@5.6.0/dist/echarts.esm.min.js:45:322394)
    at t.refresh (https://cdn.jsdelivr.net/npm/echarts@5.6.0/dist/echarts.esm.min.js:45:321541)
    at t.refreshImmediately (https://cdn.jsdelivr.net/npm/echarts@5.6.0/dist/echarts.esm.min.js:45:1736)
[    2132ms] SyntaxError: Failed to execute 'addColorStop' on 'CanvasGradient': The value provided ('oklch(68.5% .169 237.323)cc') could not be parsed as a color.
    at jy (https://cdn.jsdelivr.net/npm/echarts@5.6.0/dist/echarts.esm.min.js:45:186557)
    at https://cdn.jsdelivr.net/npm/echarts@5.6.0/dist/echarts.esm.min.js:45:191280
    at dv (https://cdn.jsdelivr.net/npm/echarts@5.6.0/dist/echarts.esm.min.js:45:192109)
    at t._doPaintEl (https://cdn.jsdelivr.net/npm/echarts@5.6.0/dist/echarts.esm.min.js:45:324380)
    at x (https://cdn.jsdelivr.net/npm/echarts@5.6.0/dist/echarts.esm.min.js:45:323723)
    at p (https://cdn.jsdelivr.net/npm/echarts@5.6.0/dist/echarts.esm.min.js:45:324015)
    at t._doPaintList (https://cdn.jsdelivr.net/npm/echarts@5.6.0/dist/echarts.esm.min.js:45:324109)
    at t._paintList (https://cdn.jsdelivr.net/npm/echarts@5.6.0/dist/echarts.esm.min.js:45:322394)
    at t.refresh (https://cdn.jsdelivr.net/npm/echarts@5.6.0/dist/echarts.esm.min.js:45:321541)
    at t.refreshImmediately (https://cdn.jsdelivr.net/npm/echarts@5.6.0/dist/echarts.esm.min.js:45:1736)
[    2140ms] SyntaxError: Failed to execute 'addColorStop' on 'CanvasGradient': The value provided ('oklch(68.5% .169 237.323)cc') could not be parsed as a color.
    at jy (https://cdn.jsdelivr.net/npm/echarts@5.6.0/dist/echarts.esm.min.js:45:186557)
    at https://cdn.jsdelivr.net/npm/echarts@5.6.0/dist/echarts.esm.min.js:45:191280
    at dv (https://cdn.jsdelivr.net/npm/echarts@5.6.0/dist/echarts.esm.min.js:45:192109)
    at t._doPaintEl (https://cdn.jsdelivr.net/npm/echarts@5.6.0/dist/echarts.esm.min.js:45:324380)
    at x (https://cdn.jsdelivr.net/npm/echarts@5.6.0/dist/echarts.esm.min.js:45:323723)
    at p (https://cdn.jsdelivr.net/npm/echarts@5.6.0/dist/echarts.esm.min.js:45:324015)
    at t._doPaintList (https://cdn.jsdelivr.net/npm/echarts@5.6.0/dist/echarts.esm.min.js:45:324109)
    at t._paintList (https://cdn.jsdelivr.net/npm/echarts@5.6.0/dist/echarts.esm.min.js:45:322394)
    at t.refresh (https://cdn.jsdelivr.net/npm/echarts@5.6.0/dist/echarts.esm.min.js:45:321541)
    at t.refreshImmediately (https://cdn.jsdelivr.net/npm/echarts@5.6.0/dist/echarts.esm.min.js:45:1736)
[    2148ms] SyntaxError: Failed to execute 'addColorStop' on 'CanvasGradient': The value provided ('oklch(68.5% .169 237.323)cc') could not be parsed as a color.
    at jy (https://cdn.jsdelivr.net/npm/echarts@5.6.0/dist/echarts.esm.min.js:45:186557)
    at https://cdn.jsdelivr.net/npm/echarts@5.6.0/dist/echarts.esm.min.js:45:191280
    at dv (https://cdn.jsdelivr.net/npm/echarts@5.6.0/dist/echarts.esm.min.js:45:192109)
    at t._doPaintEl (https://cdn.jsdelivr.net/npm/echarts@5.6.0/dist/echarts.esm.min.js:45:324380)
    at x (https://cdn.jsdelivr.net/npm/echarts@5.6.0/dist/echarts.esm.min.js:45:323723)
    at p (https://cdn.jsdelivr.net/npm/echarts@5.6.0/dist/echarts.esm.min.js:45:324015)
    at t._doPaintList (https://cdn.jsdelivr.net/npm/echarts@5.6.0/dist/echarts.esm.min.js:45:324109)
    at t._paintList (https://cdn.jsdelivr.net/npm/echarts@5.6.0/dist/echarts.esm.min.js:45:322394)
    at t.refresh (https://cdn.jsdelivr.net/npm/echarts@5.6.0/dist/echarts.esm.min.js:45:321541)
    at t.refreshImmediately (https://cdn.jsdelivr.net/npm/echarts@5.6.0/dist/echarts.esm.min.js:45:1736)
[    2156ms] SyntaxError: Failed to execute 'addColorStop' on 'CanvasGradient': The value provided ('oklch(68.5% .169 237.323)cc') could not be parsed as a color.
    at jy (https://cdn.jsdelivr.net/npm/echarts@5.6.0/dist/echarts.esm.min.js:45:186557)
    at https://cdn.jsdelivr.net/npm/echarts@5.6.0/dist/echarts.esm.min.js:45:191280
    at dv (https://cdn.jsdelivr.net/npm/echarts@5.6.0/dist/echarts.esm.min.js:45:192109)
    at t._doPaintEl (https://cdn.jsdelivr.net/npm/echarts@5.6.0/dist/echarts.esm.min.js:45:324380)
    at x (https://cdn.jsdelivr.net/npm/echarts@5.6.0/dist/echarts.esm.min.js:45:323723)
    at p (https://cdn.jsdelivr.net/npm/echarts@5.6.0/dist/echarts.esm.min.js:45:324015)
    at t._doPaintList (https://cdn.jsdelivr.net/npm/echarts@5.6.0/dist/echarts.esm.min.js:45:324109)
    at t._paintList (https://cdn.jsdelivr.net/npm/echarts@5.6.0/dist/echarts.esm.min.js:45:322394)
    at t.refresh (https://cdn.jsdelivr.net/npm/echarts@5.6.0/dist/echarts.esm.min.js:45:321541)
    at t.refreshImmediately (https://cdn.jsdelivr.net/npm/echarts@5.6.0/dist/echarts.esm.min.js:45:1736)
[    2164ms] SyntaxError: Failed to execute 'addColorStop' on 'CanvasGradient': The value provided ('oklch(68.5% .169 237.323)cc') could not be parsed as a color.
    at jy (https://cdn.jsdelivr.net/npm/echarts@5.6.0/dist/echarts.esm.min.js:45:186557)
    at https://cdn.jsdelivr.net/npm/echarts@5.6.0/dist/echarts.esm.min.js:45:191280
    at dv (https://cdn.jsdelivr.net/npm/echarts@5.6.0/dist/echarts.esm.min.js:45:192109)
    at t._doPaintEl (https://cdn.jsdelivr.net/npm/echarts@5.6.0/dist/echarts.esm.min.js:45:324380)
    at x (https://cdn.jsdelivr.net/npm/echarts@5.6.0/dist/echarts.esm.min.js:45:323723)
    at p (https://cdn.jsdelivr.net/npm/echarts@5.6.0/dist/echarts.esm.min.js:45:324015)
    at t._doPaintList (https://cdn.jsdelivr.net/npm/echarts@5.6.0/dist/echarts.esm.min.js:45:324109)
    at t._paintList (https://cdn.jsdelivr.net/npm/echarts@5.6.0/dist/echarts.esm.min.js:45:322394)
    at t.refresh (https://cdn.jsdelivr.net/npm/echarts@5.6.0/dist/echarts.esm.min.js:45:321541)
    at t.refreshImmediately (https://cdn.jsdelivr.net/npm/echarts@5.6.0/dist/echarts.esm.min.js:45:1736)
[    2173ms] SyntaxError: Failed to execute 'addColorStop' on 'CanvasGradient': The value provided ('oklch(68.5% .169 237.323)cc') could not be parsed as a color.
    at jy (https://cdn.jsdelivr.net/npm/echarts@5.6.0/dist/echarts.esm.min.js:45:186557)
    at https://cdn.jsdelivr.net/npm/echarts@5.6.0/dist/echarts.esm.min.js:45:191280
    at dv (https://cdn.jsdelivr.net/npm/echarts@5.6.0/dist/echarts.esm.min.js:45:192109)
    at t._doPaintEl (https://cdn.jsdelivr.net/npm/echarts@5.6.0/dist/echarts.esm.min.js:45:324380)
    at x (https://cdn.jsdelivr.net/npm/echarts@5.6.0/dist/echarts.esm.min.js:45:323723)
    at p (https://cdn.jsdelivr.net/npm/echarts@5.6.0/dist/echarts.esm.min.js:45:324015)
    at t._doPaintList (https://cdn.jsdelivr.net/npm/echarts@5.6.0/dist/echarts.esm.min.js:45:324109)
    at t._paintList (https://cdn.jsdelivr.net/npm/echarts@5.6.0/dist/echarts.esm.min.js:45:322394)
    at t.refresh (https://cdn.jsdelivr.net/npm/echarts@5.6.0/dist/echarts.esm.min.js:45:321541)
    at t.refreshImmediately (https://cdn.jsdelivr.net/npm/echarts@5.6.0/dist/echarts.esm.min.js:45:1736)
[    2181ms] SyntaxError: Failed to execute 'addColorStop' on 'CanvasGradient': The value provided ('oklch(68.5% .169 237.323)cc') could not be parsed as a color.
    at jy (https://cdn.jsdelivr.net/npm/echarts@5.6.0/dist/echarts.esm.min.js:45:186557)
    at https://cdn.jsdelivr.net/npm/echarts@5.6.0/dist/echarts.esm.min.js:45:191280
    at dv (https://cdn.jsdelivr.net/npm/echarts@5.6.0/dist/echarts.esm.min.js:45:192109)
    at t._doPaintEl (https://cdn.jsdelivr.net/npm/echarts@5.6.0/dist/echarts.esm.min.js:45:324380)
    at x (https://cdn.jsdelivr.net/npm/echarts@5.6.0/dist/echarts.esm.min.js:45:323723)
    at p (https://cdn.jsdelivr.net/npm/echarts@5.6.0/dist/echarts.esm.min.js:45:324015)
    at t._doPaintList (https://cdn.jsdelivr.net/npm/echarts@5.6.0/dist/echarts.esm.min.js:45:324109)
    at t._paintList (https://cdn.jsdelivr.net/npm/echarts@5.6.0/dist/echarts.esm.min.js:45:322394)
    at t.refresh (https://cdn.jsdelivr.net/npm/echarts@5.6.0/dist/echarts.esm.min.js:45:321541)
    at t.refreshImmediately (https://cdn.jsdelivr.net/npm/echarts@5.6.0/dist/echarts.esm.min.js:45:1736)
[    2189ms] SyntaxError: Failed to execute 'addColorStop' on 'CanvasGradient': The value provided ('oklch(68.5% .169 237.323)cc') could not be parsed as a color.
    at jy (https://cdn.jsdelivr.net/npm/echarts@5.6.0/dist/echarts.esm.min.js:45:186557)
    at https://cdn.jsdelivr.net/npm/echarts@5.6.0/dist/echarts.esm.min.js:45:191280
    at dv (https://cdn.jsdelivr.net/npm/echarts@5.6.0/dist/echarts.esm.min.js:45:192109)
    at t._doPaintEl (https://cdn.jsdelivr.net/npm/echarts@5.6.0/dist/echarts.esm.min.js:45:324380)
    at x (https://cdn.jsdelivr.net/npm/echarts@5.6.0/dist/echarts.esm.min.js:45:323723)
    at p (https://cdn.jsdelivr.net/npm/echarts@5.6.0/dist/echarts.esm.min.js:45:324015)
    at t._doPaintList (https://cdn.jsdelivr.net/npm/echarts@5.6.0/dist/echarts.esm.min.js:45:324109)
    at t._paintList (https://cdn.jsdelivr.net/npm/echarts@5.6.0/dist/echarts.esm.min.js:45:322394)
    at t.refresh (https://cdn.jsdelivr.net/npm/echarts@5.6.0/dist/echarts.esm.min.js:45:321541)
    at t.refreshImmediately (https://cdn.jsdelivr.net/npm/echarts@5.6.0/dist/echarts.esm.min.js:45:1736)
[    2198ms] SyntaxError: Failed to execute 'addColorStop' on 'CanvasGradient': The value provided ('oklch(68.5% .169 237.323)cc') could not be parsed as a color.
    at jy (https://cdn.jsdelivr.net/npm/echarts@5.6.0/dist/echarts.esm.min.js:45:186557)
    at https://cdn.jsdelivr.net/npm/echarts@5.6.0/dist/echarts.esm.min.js:45:191280
    at dv (https://cdn.jsdelivr.net/npm/echarts@5.6.0/dist/echarts.esm.min.js:45:192109)
    at t._doPaintEl (https://cdn.jsdelivr.net/npm/echarts@5.6.0/dist/echarts.esm.min.js:45:324380)
    at x (https://cdn.jsdelivr.net/npm/echarts@5.6.0/dist/echarts.esm.min.js:45:323723)
    at p (https://cdn.jsdelivr.net/npm/echarts@5.6.0/dist/echarts.esm.min.js:45:324015)
    at t._doPaintList (https://cdn.jsdelivr.net/npm/echarts@5.6.0/dist/echarts.esm.min.js:45:324109)
    at t._paintList (https://cdn.jsdelivr.net/npm/echarts@5.6.0/dist/echarts.esm.min.js:45:322394)
    at t.refresh (https://cdn.jsdelivr.net/npm/echarts@5.6.0/dist/echarts.esm.min.js:45:321541)
    at t.refreshImmediately (https://cdn.jsdelivr.net/npm/echarts@5.6.0/dist/echarts.esm.min.js:45:1736)
[    2206ms] SyntaxError: Failed to execute 'addColorStop' on 'CanvasGradient': The value provided ('oklch(68.5% .169 237.323)cc') could not be parsed as a color.
    at jy (https://cdn.jsdelivr.net/npm/echarts@5.6.0/dist/echarts.esm.min.js:45:186557)
    at https://cdn.jsdelivr.net/npm/echarts@5.6.0/dist/echarts.esm.min.js:45:191280
    at dv (https://cdn.jsdelivr.net/npm/echarts@5.6.0/dist/echarts.esm.min.js:45:192109)
    at t._doPaintEl (https://cdn.jsdelivr.net/npm/echarts@5.6.0/dist/echarts.esm.min.js:45:324380)
    at x (https://cdn.jsdelivr.net/npm/echarts@5.6.0/dist/echarts.esm.min.js:45:323723)
    at p (https://cdn.jsdelivr.net/npm/echarts@5.6.0/dist/echarts.esm.min.js:45:324015)
    at t._doPaintList (https://cdn.jsdelivr.net/npm/echarts@5.6.0/dist/echarts.esm.min.js:45:324109)
    at t._paintList (https://cdn.jsdelivr.net/npm/echarts@5.6.0/dist/echarts.esm.min.js:45:322394)
    at t.refresh (https://cdn.jsdelivr.net/npm/echarts@5.6.0/dist/echarts.esm.min.js:45:321541)
    at t.refreshImmediately (https://cdn.jsdelivr.net/npm/echarts@5.6.0/dist/echarts.esm.min.js:45:1736)
[    2214ms] SyntaxError: Failed to execute 'addColorStop' on 'CanvasGradient': The value provided ('oklch(68.5% .169 237.323)cc') could not be parsed as a color.
    at jy (https://cdn.jsdelivr.net/npm/echarts@5.6.0/dist/echarts.esm.min.js:45:186557)
    at https://cdn.jsdelivr.net/npm/echarts@5.6.0/dist/echarts.esm.min.js:45:191280
    at dv (https://cdn.jsdelivr.net/npm/echarts@5.6.0/dist/echarts.esm.min.js:45:192109)
    at t._doPaintEl (https://cdn.jsdelivr.net/npm/echarts@5.6.0/dist/echarts.esm.min.js:45:324380)
    at x (https://cdn.jsdelivr.net/npm/echarts@5.6.0/dist/echarts.esm.min.js:45:323723)
    at p (https://cdn.jsdelivr.net/npm/echarts@5.6.0/dist/echarts.esm.min.js:45:324015)
    at t._doPaintList (https://cdn.jsdelivr.net/npm/echarts@5.6.0/dist/echarts.esm.min.js:45:324109)
    at t._paintList (https://cdn.jsdelivr.net/npm/echarts@5.6.0/dist/echarts.esm.min.js:45:322394)
    at t.refresh (https://cdn.jsdelivr.net/npm/echarts@5.6.0/dist/echarts.esm.min.js:45:321541)
    at t.refreshImmediately (https://cdn.jsdelivr.net/npm/echarts@5.6.0/dist/echarts.esm.min.js:45:1736)
[    2223ms] SyntaxError: Failed to execute 'addColorStop' on 'CanvasGradient': The value provided ('oklch(68.5% .169 237.323)cc') could not be parsed as a color.
    at jy (https://cdn.jsdelivr.net/npm/echarts@5.6.0/dist/echarts.esm.min.js:45:186557)
    at https://cdn.jsdelivr.net/npm/echarts@5.6.0/dist/echarts.esm.min.js:45:191280
    at dv (https://cdn.jsdelivr.net/npm/echarts@5.6.0/dist/echarts.esm.min.js:45:192109)
    at t._doPaintEl (https://cdn.jsdelivr.net/npm/echarts@5.6.0/dist/echarts.esm.min.js:45:324380)
    at x (https://cdn.jsdelivr.net/npm/echarts@5.6.0/dist/echarts.esm.min.js:45:323723)
    at p (https://cdn.jsdelivr.net/npm/echarts@5.6.0/dist/echarts.esm.min.js:45:324015)
    at t._doPaintList (https://cdn.jsdelivr.net/npm/echarts@5.6.0/dist/echarts.esm.min.js:45:324109)
    at t._paintList (https://cdn.jsdelivr.net/npm/echarts@5.6.0/dist/echarts.esm.min.js:45:322394)
    at t.refresh (https://cdn.jsdelivr.net/npm/echarts@5.6.0/dist/echarts.esm.min.js:45:321541)
    at t.refreshImmediately (https://cdn.jsdelivr.net/npm/echarts@5.6.0/dist/echarts.esm.min.js:45:1736)
[    2231ms] SyntaxError: Failed to execute 'addColorStop' on 'CanvasGradient': The value provided ('oklch(68.5% .169 237.323)cc') could not be parsed as a color.
    at jy (https://cdn.jsdelivr.net/npm/echarts@5.6.0/dist/echarts.esm.min.js:45:186557)
    at https://cdn.jsdelivr.net/npm/echarts@5.6.0/dist/echarts.esm.min.js:45:191280
    at dv (https://cdn.jsdelivr.net/npm/echarts@5.6.0/dist/echarts.esm.min.js:45:192109)
    at t._doPaintEl (https://cdn.jsdelivr.net/npm/echarts@5.6.0/dist/echarts.esm.min.js:45:324380)
    at x (https://cdn.jsdelivr.net/npm/echarts@5.6.0/dist/echarts.esm.min.js:45:323723)
    at p (https://cdn.jsdelivr.net/npm/echarts@5.6.0/dist/echarts.esm.min.js:45:324015)
    at t._doPaintList (https://cdn.jsdelivr.net/npm/echarts@5.6.0/dist/echarts.esm.min.js:45:324109)
    at t._paintList (https://cdn.jsdelivr.net/npm/echarts@5.6.0/dist/echarts.esm.min.js:45:322394)
    at t.refresh (https://cdn.jsdelivr.net/npm/echarts@5.6.0/dist/echarts.esm.min.js:45:321541)
    at t.refreshImmediately (https://cdn.jsdelivr.net/npm/echarts@5.6.0/dist/echarts.esm.min.js:45:1736)
[    2240ms] SyntaxError: Failed to execute 'addColorStop' on 'CanvasGradient': The value provided ('oklch(68.5% .169 237.323)cc') could not be parsed as a color.
    at jy (https://cdn.jsdelivr.net/npm/echarts@5.6.0/dist/echarts.esm.min.js:45:186557)
    at https://cdn.jsdelivr.net/npm/echarts@5.6.0/dist/echarts.esm.min.js:45:191280
    at dv (https://cdn.jsdelivr.net/npm/echarts@5.6.0/dist/echarts.esm.min.js:45:192109)
    at t._doPaintEl (https://cdn.jsdelivr.net/npm/echarts@5.6.0/dist/echarts.esm.min.js:45:324380)
    at x (https://cdn.jsdelivr.net/npm/echarts@5.6.0/dist/echarts.esm.min.js:45:323723)
    at p (https://cdn.jsdelivr.net/npm/echarts@5.6.0/dist/echarts.esm.min.js:45:324015)
    at t._doPaintList (https://cdn.jsdelivr.net/npm/echarts@5.6.0/dist/echarts.esm.min.js:45:324109)
    at t._paintList (https://cdn.jsdelivr.net/npm/echarts@5.6.0/dist/echarts.esm.min.js:45:322394)
    at t.refresh (https://cdn.jsdelivr.net/npm/echarts@5.6.0/dist/echarts.esm.min.js:45:321541)
    at t.refreshImmediately (https://cdn.jsdelivr.net/npm/echarts@5.6.0/dist/echarts.esm.min.js:45:1736)
[    2248ms] SyntaxError: Failed to execute 'addColorStop' on 'CanvasGradient': The value provided ('oklch(68.5% .169 237.323)cc') could not be parsed as a color.
    at jy (https://cdn.jsdelivr.net/npm/echarts@5.6.0/dist/echarts.esm.min.js:45:186557)
    at https://cdn.jsdelivr.net/npm/echarts@5.6.0/dist/echarts.esm.min.js:45:191280
    at dv (https://cdn.jsdelivr.net/npm/echarts@5.6.0/dist/echarts.esm.min.js:45:192109)
    at t._doPaintEl (https://cdn.jsdelivr.net/npm/echarts@5.6.0/dist/echarts.esm.min.js:45:324380)
    at x (https://cdn.jsdelivr.net/npm/echarts@5.6.0/dist/echarts.esm.min.js:45:323723)
    at p (https://cdn.jsdelivr.net/npm/echarts@5.6.0/dist/echarts.esm.min.js:45:324015)
    at t._doPaintList (https://cdn.jsdelivr.net/npm/echarts@5.6.0/dist/echarts.esm.min.js:45:324109)
    at t._paintList (https://cdn.jsdelivr.net/npm/echarts@5.6.0/dist/echarts.esm.min.js:45:322394)
    at t.refresh (https://cdn.jsdelivr.net/npm/echarts@5.6.0/dist/echarts.esm.min.js:45:321541)
    at t.refreshImmediately (https://cdn.jsdelivr.net/npm/echarts@5.6.0/dist/echarts.esm.min.js:45:1736)
[    2256ms] SyntaxError: Failed to execute 'addColorStop' on 'CanvasGradient': The value provided ('oklch(68.5% .169 237.323)cc') could not be parsed as a color.
    at jy (https://cdn.jsdelivr.net/npm/echarts@5.6.0/dist/echarts.esm.min.js:45:186557)
    at https://cdn.jsdelivr.net/npm/echarts@5.6.0/dist/echarts.esm.min.js:45:191280
    at dv (https://cdn.jsdelivr.net/npm/echarts@5.6.0/dist/echarts.esm.min.js:45:192109)
    at t._doPaintEl (https://cdn.jsdelivr.net/npm/echarts@5.6.0/dist/echarts.esm.min.js:45:324380)
    at x (https://cdn.jsdelivr.net/npm/echarts@5.6.0/dist/echarts.esm.min.js:45:323723)
    at p (https://cdn.jsdelivr.net/npm/echarts@5.6.0/dist/echarts.esm.min.js:45:324015)
    at t._doPaintList (https://cdn.jsdelivr.net/npm/echarts@5.6.0/dist/echarts.esm.min.js:45:324109)
    at t._paintList (https://cdn.jsdelivr.net/npm/echarts@5.6.0/dist/echarts.esm.min.js:45:322394)
    at t.refresh (https://cdn.jsdelivr.net/npm/echarts@5.6.0/dist/echarts.esm.min.js:45:321541)
    at t.refreshImmediately (https://cdn.jsdelivr.net/npm/echarts@5.6.0/dist/echarts.esm.min.js:45:1736)
[    2264ms] SyntaxError: Failed to execute 'addColorStop' on 'CanvasGradient': The value provided ('oklch(68.5% .169 237.323)cc') could not be parsed as a color.
    at jy (https://cdn.jsdelivr.net/npm/echarts@5.6.0/dist/echarts.esm.min.js:45:186557)
    at https://cdn.jsdelivr.net/npm/echarts@5.6.0/dist/echarts.esm.min.js:45:191280
    at dv (https://cdn.jsdelivr.net/npm/echarts@5.6.0/dist/echarts.esm.min.js:45:192109)
    at t._doPaintEl (https://cdn.jsdelivr.net/npm/echarts@5.6.0/dist/echarts.esm.min.js:45:324380)
    at x (https://cdn.jsdelivr.net/npm/echarts@5.6.0/dist/echarts.esm.min.js:45:323723)
    at p (https://cdn.jsdelivr.net/npm/echarts@5.6.0/dist/echarts.esm.min.js:45:324015)
    at t._doPaintList (https://cdn.jsdelivr.net/npm/echarts@5.6.0/dist/echarts.esm.min.js:45:324109)
    at t._paintList (https://cdn.jsdelivr.net/npm/echarts@5.6.0/dist/echarts.esm.min.js:45:322394)
    at t.refresh (https://cdn.jsdelivr.net/npm/echarts@5.6.0/dist/echarts.esm.min.js:45:321541)
    at t.refreshImmediately (https://cdn.jsdelivr.net/npm/echarts@5.6.0/dist/echarts.esm.min.js:45:1736)
[    2273ms] SyntaxError: Failed to execute 'addColorStop' on 'CanvasGradient': The value provided ('oklch(68.5% .169 237.323)cc') could not be parsed as a color.
    at jy (https://cdn.jsdelivr.net/npm/echarts@5.6.0/dist/echarts.esm.min.js:45:186557)
    at https://cdn.jsdelivr.net/npm/echarts@5.6.0/dist/echarts.esm.min.js:45:191280
    at dv (https://cdn.jsdelivr.net/npm/echarts@5.6.0/dist/echarts.esm.min.js:45:192109)
    at t._doPaintEl (https://cdn.jsdelivr.net/npm/echarts@5.6.0/dist/echarts.esm.min.js:45:324380)
    at x (https://cdn.jsdelivr.net/npm/echarts@5.6.0/dist/echarts.esm.min.js:45:323723)
    at p (https://cdn.jsdelivr.net/npm/echarts@5.6.0/dist/echarts.esm.min.js:45:324015)
    at t._doPaintList (https://cdn.jsdelivr.net/npm/echarts@5.6.0/dist/echarts.esm.min.js:45:324109)
    at t._paintList (https://cdn.jsdelivr.net/npm/echarts@5.6.0/dist/echarts.esm.min.js:45:322394)
    at t.refresh (https://cdn.jsdelivr.net/npm/echarts@5.6.0/dist/echarts.esm.min.js:45:321541)
    at t.refreshImmediately (https://cdn.jsdelivr.net/npm/echarts@5.6.0/dist/echarts.esm.min.js:45:1736)
[    2281ms] SyntaxError: Failed to execute 'addColorStop' on 'CanvasGradient': The value provided ('oklch(68.5% .169 237.323)cc') could not be parsed as a color.
    at jy (https://cdn.jsdelivr.net/npm/echarts@5.6.0/dist/echarts.esm.min.js:45:186557)
    at https://cdn.jsdelivr.net/npm/echarts@5.6.0/dist/echarts.esm.min.js:45:191280
    at dv (https://cdn.jsdelivr.net/npm/echarts@5.6.0/dist/echarts.esm.min.js:45:192109)
    at t._doPaintEl (https://cdn.jsdelivr.net/npm/echarts@5.6.0/dist/echarts.esm.min.js:45:324380)
    at x (https://cdn.jsdelivr.net/npm/echarts@5.6.0/dist/echarts.esm.min.js:45:323723)
    at p (https://cdn.jsdelivr.net/npm/echarts@5.6.0/dist/echarts.esm.min.js:45:324015)
    at t._doPaintList (https://cdn.jsdelivr.net/npm/echarts@5.6.0/dist/echarts.esm.min.js:45:324109)
    at t._paintList (https://cdn.jsdelivr.net/npm/echarts@5.6.0/dist/echarts.esm.min.js:45:322394)
    at t.refresh (https://cdn.jsdelivr.net/npm/echarts@5.6.0/dist/echarts.esm.min.js:45:321541)
    at t.refreshImmediately (https://cdn.jsdelivr.net/npm/echarts@5.6.0/dist/echarts.esm.min.js:45:1736)
